#
# There is insufficient memory for the Java Runtime Environment to continue.
# Native memory allocation (malloc) failed to allocate 1048576 bytes for AllocateHeap
# Possible reasons:
#   The system is out of physical RAM or swap space
#   The process is running with CompressedOops enabled, and the Java Heap may be blocking the growth of the native heap
# Possible solutions:
#   Reduce memory load on the system
#   Increase physical memory or swap space
#   Check if swap backing store is full
#   Decrease Java heap size (-Xmx/-Xms)
#   Decrease number of Java threads
#   Decrease Java thread stack sizes (-Xss)
#   Set larger code cache with -XX:ReservedCodeCacheSize=
#   JVM is running with Zero Based Compressed Oops mode in which the Java heap is
#     placed in the first 32GB address space. The Java Heap base address is the
#     maximum limit for the native heap growth. Please use -XX:HeapBaseMinAddress
#     to set the Java Heap base and to place the Java Heap above 32GB virtual address.
# This output file may be truncated or incomplete.
#
#  Out of Memory Error (allocation.cpp:44), pid=4360, tid=13796
#
# JRE version:  (17.0.4.1+1) (build )
# Java VM: Java HotSpot(TM) 64-Bit Server VM (17.0.4.1+1-LTS-2, mixed mode, sharing, tiered, compressed oops, compressed class ptrs, g1 gc, windows-amd64)
# No core dump will be written. Minidumps are not enabled by default on client versions of Windows
#

---------------  S U M M A R Y ------------

Command Line: -Dfile.encoding=windows-1251 -Duser.country=RU -Duser.language=ru -Duser.variant fergie.me.Main

Host: AMD Ryzen 5 5500U with Radeon Graphics         , 12 cores, 15G,  Windows 11 , 64 bit Build 22621 (10.0.22621.1344)
Time: Thu Apr  6 04:36:29 2023 RTZ 2 (s 11 , 64 bit Build 22621 (10.0.22621.1344) elapsed time: 0.011526 seconds (0d 0h 0m 0s)

---------------  T H R E A D  ---------------

Current thread (0x0000019e4575b4e0):  JavaThread "Unknown thread" [_thread_in_vm, id=13796, stack(0x0000008cbee00000,0x0000008cbef00000)]

Stack: [0x0000008cbee00000,0x0000008cbef00000]
Native frames: (J=compiled Java code, j=interpreted, Vv=VM code, C=native code)
V  [jvm.dll+0x6723ba]
V  [jvm.dll+0x7d1e34]
V  [jvm.dll+0x7d35de]
V  [jvm.dll+0x7d3c43]
V  [jvm.dll+0x243065]
V  [jvm.dll+0xa4b93]
V  [jvm.dll+0x2e1467]
V  [jvm.dll+0x2d932b]
V  [jvm.dll+0x7a3911]
V  [jvm.dll+0x3662c1]
V  [jvm.dll+0x782d7c]
V  [jvm.dll+0x3e8c1f]
V  [jvm.dll+0x3ea6c1]
C  [jli.dll+0x527b]
C  [ucrtbase.dll+0x29363]
C  [KERNEL32.DLL+0x126bd]
C  [ntdll.dll+0x5a9f8]


---------------  P R O C E S S  ---------------

Threads class SMR info:
_java_thread_list=0x00007ffd4ca5a858, length=0, elements={
}

Java Threads: ( => current thread )

Other Threads:
  0x0000019e457c5560 GCTaskThread "GC Thread#0" [stack: 0x0000008cbef00000,0x0000008cbf000000] [id=18672]

[error occurred during error reporting (printing all threads), id 0xc0000005, EXCEPTION_ACCESS_VIOLATION (0xc0000005) at pc=0x00007ffd4c2a63b0]

VM state: not at safepoint (not fully initialized)

VM Mutex/Monitor currently owned by a thread:  ([mutex/lock_event])
[0x0000019e45755680] Heap_lock - owner thread: 0x0000019e4575b4e0

Heap address: 0x000000070a800000, size: 3928 MB, Compressed Oops mode: Zero based, Oop shift amount: 3

CDS archive(s) mapped at: [0x0000000000000000-0x0000000000000000-0x0000000000000000), size 0, SharedBaseAddress: 0x0000000800000000, ArchiveRelocationMode: 0.
Narrow klass base: 0x0000000000000000, Narrow klass shift: 0, Narrow klass range: 0x0

GC Precious Log:
<Empty>

Heap:
 garbage-first heap   total 0K, used 0K [0x000000070a800000, 0x0000000800000000)
  region size 2048K, 0 young (0K), 0 survivors (0K)

[error occurred during error reporting (printing heap information), id 0xc0000005, EXCEPTION_ACCESS_VIOLATION (0xc0000005) at pc=0x00007ffd4c68b869]

GC Heap History (0 events):
No events

Deoptimization events (0 events):
No events

Classes unloaded (0 events):
No events

Classes redefined (0 events):
No events

Internal exceptions (0 events):
No events

VM Operations (0 events):
No events

Events (1 events):
Event: 0.006 Loaded shared library C:\Program Files\Java\jdk-17.0.4.1\bin\java.dll


Dynamic libraries:
0x00007ff7324f0000 - 0x00007ff732500000 	C:\Program Files\Java\jdk-17.0.4.1\bin\java.exe
0x00007ffdc4a50000 - 0x00007ffdc4c64000 	C:\WINDOWS\SYSTEM32\ntdll.dll
0x00007ffdc3fd0000 - 0x00007ffdc4093000 	C:\WINDOWS\System32\KERNEL32.DLL
0x00007ffdc1f20000 - 0x00007ffdc22bc000 	C:\WINDOWS\System32\KERNELBASE.dll
0x00007ffdc2430000 - 0x00007ffdc2541000 	C:\WINDOWS\System32\ucrtbase.dll
0x00007ffdb3060000 - 0x00007ffdb3078000 	C:\Program Files\Java\jdk-17.0.4.1\bin\jli.dll
0x00007ffdb2fb0000 - 0x00007ffdb2fca000 	C:\Program Files\Java\jdk-17.0.4.1\bin\VCRUNTIME140.dll
0x00007ffdc3620000 - 0x00007ffdc36ce000 	C:\WINDOWS\System32\ADVAPI32.dll
0x00007ffdc33d0000 - 0x00007ffdc3477000 	C:\WINDOWS\System32\msvcrt.dll
0x00007ffdc34a0000 - 0x00007ffdc3544000 	C:\WINDOWS\System32\sechost.dll
0x00007ffdc48c0000 - 0x00007ffdc49d5000 	C:\WINDOWS\System32\RPCRT4.dll
0x00007ffdc2b00000 - 0x00007ffdc2cad000 	C:\WINDOWS\System32\USER32.dll
0x00007ffdc2800000 - 0x00007ffdc2826000 	C:\WINDOWS\System32\win32u.dll
0x00007ffdc2a40000 - 0x00007ffdc2a69000 	C:\WINDOWS\System32\GDI32.dll
0x00007ffdc2640000 - 0x00007ffdc2753000 	C:\WINDOWS\System32\gdi32full.dll
0x00007ffda5b70000 - 0x00007ffda5dfe000 	C:\WINDOWS\WinSxS\amd64_microsoft.windows.common-controls_6595b64144ccf1df_6.0.22621.608_none_a9444ca7c10bb01d\COMCTL32.dll
0x00007ffdc2760000 - 0x00007ffdc27fa000 	C:\WINDOWS\System32\msvcp_win.dll
0x00007ffdb9090000 - 0x00007ffdb909a000 	C:\WINDOWS\SYSTEM32\VERSION.dll
0x00007ffdc44e0000 - 0x00007ffdc4511000 	C:\WINDOWS\System32\IMM32.DLL
0x00007ffdba670000 - 0x00007ffdba67c000 	C:\Program Files\Java\jdk-17.0.4.1\bin\vcruntime140_1.dll
0x00007ffd85d10000 - 0x00007ffd85d9d000 	C:\Program Files\Java\jdk-17.0.4.1\bin\msvcp140.dll
0x00007ffd4bfc0000 - 0x00007ffd4cb82000 	C:\Program Files\Java\jdk-17.0.4.1\bin\server\jvm.dll
0x00007ffdc36d0000 - 0x00007ffdc36d8000 	C:\WINDOWS\System32\PSAPI.DLL
0x00007ffdbfaf0000 - 0x00007ffdbfb24000 	C:\WINDOWS\SYSTEM32\WINMM.dll
0x00007ffda9050000 - 0x00007ffda9059000 	C:\WINDOWS\SYSTEM32\WSOCK32.dll
0x00007ffdc3130000 - 0x00007ffdc31a1000 	C:\WINDOWS\System32\WS2_32.dll
0x00007ffdc0eb0000 - 0x00007ffdc0ec8000 	C:\WINDOWS\SYSTEM32\kernel.appcore.dll
0x00007ffdb5060000 - 0x00007ffdb506a000 	C:\Program Files\Java\jdk-17.0.4.1\bin\jimage.dll
0x00007ffdbf540000 - 0x00007ffdbf76e000 	C:\WINDOWS\SYSTEM32\DBGHELP.DLL
0x00007ffdc40a0000 - 0x00007ffdc4429000 	C:\WINDOWS\System32\combase.dll
0x00007ffdc46e0000 - 0x00007ffdc47b7000 	C:\WINDOWS\System32\OLEAUT32.dll
0x00007ffdac1c0000 - 0x00007ffdac1f2000 	C:\WINDOWS\SYSTEM32\dbgcore.DLL
0x00007ffdc25c0000 - 0x00007ffdc263b000 	C:\WINDOWS\System32\bcryptPrimitives.dll
0x00007ffdb2d70000 - 0x00007ffdb2d95000 	C:\Program Files\Java\jdk-17.0.4.1\bin\java.dll

dbghelp: loaded successfully - version: 4.0.5 - missing functions: none
symbol engine: initialized successfully - sym options: 0x614 - pdb path: .;C:\Program Files\Java\jdk-17.0.4.1\bin;C:\WINDOWS\SYSTEM32;C:\WINDOWS\WinSxS\amd64_microsoft.windows.common-controls_6595b64144ccf1df_6.0.22621.608_none_a9444ca7c10bb01d;C:\Program Files\Java\jdk-17.0.4.1\bin\server

VM Arguments:
jvm_args: -Dfile.encoding=windows-1251 -Duser.country=RU -Duser.language=ru -Duser.variant 
java_command: fergie.me.Main
java_class_path (initial): C:\Users\fergee\Desktop\учеба\прога\ghjuuff\progalab5\build\classes\java\main;C:\Users\fergee\Desktop\учеба\прога\ghjuuff\progalab5\build\resources\main
Launcher Type: SUN_STANDARD

[Global flags]
     intx CICompilerCount                          = 4                                         {product} {ergonomic}
     uint ConcGCThreads                            = 3                                         {product} {ergonomic}
     uint G1ConcRefinementThreads                  = 10                                        {product} {ergonomic}
   size_t G1HeapRegionSize                         = 2097152                                   {product} {ergonomic}
    uintx GCDrainStackTargetSize                   = 64                                        {product} {ergonomic}
   size_t InitialHeapSize                          = 257949696                                 {product} {ergonomic}
   size_t MarkStackSize                            = 4194304                                   {product} {ergonomic}
   size_t MaxHeapSize                              = 4118806528                                {product} {ergonomic}
   size_t MinHeapDeltaBytes                        = 2097152                                   {product} {ergonomic}
   size_t MinHeapSize                              = 8388608                                   {product} {ergonomic}
    uintx NonNMethodCodeHeapSize                   = 5839372                                {pd product} {ergonomic}
    uintx NonProfiledCodeHeapSize                  = 122909434                              {pd product} {ergonomic}
    uintx ProfiledCodeHeapSize                     = 122909434                              {pd product} {ergonomic}
    uintx ReservedCodeCacheSize                    = 251658240                              {pd product} {ergonomic}
     bool SegmentedCodeCache                       = true                                      {product} {ergonomic}
   size_t SoftMaxHeapSize                          = 4118806528                             {manageable} {ergonomic}
     bool UseCompressedClassPointers               = true                           {product lp64_product} {ergonomic}
     bool UseCompressedOops                        = true                           {product lp64_product} {ergonomic}
     bool UseG1GC                                  = true                                      {product} {ergonomic}
     bool UseLargePagesIndividualAllocation        = false                                  {pd product} {ergonomic}

Logging:
Log output configuration:
 #0: stdout all=warning uptime,level,tags
 #1: stderr all=off uptime,level,tags

Environment Variables:
PATH=C:\Program Files\Common Files\Oracle\Java\javapath;C:\WINDOWS\system32;C:\WINDOWS;C:\WINDOWS\System32\Wbem;C:\WINDOWS\System32\WindowsPowerShell\v1.0\;C:\WINDOWS\System32\OpenSSH\;C:\Program Files\PuTTY\;C:\Program Files (x86)\dotnet\;C:\Program Files\Java\jdk-17.0.4.1\bin;C:\Users\fergee\AppData\Local\Programs\Python\Python311\Scripts;C:\Program Files\Calibre2\;C:\Program Files\Git\cmd;C:\Users\fergee\AppData\Local\Microsoft\WindowsApps;C:\Users\fergee\AppData\Local\Programs\MiKTeX\miktex\bin\x64\;C:\Users\fergee\AppData\Local\GitHubDesktop\bin;C:\Users\fergee\AppData\Local\Programs\Microsoft VS Code\bin;C:\Program Files\JetBrains\IntelliJ IDEA 2022.3.3\bin;;
USERNAME=fergee
OS=Windows_NT
PROCESSOR_IDENTIFIER=AMD64 Family 23 Model 104 Stepping 1, AuthenticAMD



---------------  S Y S T E M  ---------------

OS:
 Windows 11 , 64 bit Build 22621 (10.0.22621.1344)
OS uptime: 6 days 3:39 hours

CPU: total 12 (initial active 12) (12 cores per cpu, 2 threads per core) family 23 model 104 stepping 1 microcode 0x0, cx8, cmov, fxsr, ht, mmx, 3dnowpref, sse, sse2, sse3, ssse3, sse4a, sse4.1, sse4.2, popcnt, lzcnt, tsc, tscinvbit, avx, avx2, aes, clmul, bmi1, bmi2, adx, sha, fma, vzeroupper, clflush, clflushopt

Memory: 4k page, system-wide physical 15706M (3273M free)
TotalPageFile size 31066M (AvailPageFile size 5M)
current process WorkingSet (physical memory assigned to process): 11M, peak: 11M
current process commit charge ("private bytes"): 59M, peak: 60M

vm_info: Java HotSpot(TM) 64-Bit Server VM (17.0.4.1+1-LTS-2) for windows-amd64 JRE (17.0.4.1+1-LTS-2), built on Aug 16 2022 18:32:06 by "mach5one" with MS VC++ 16.8 / 16.9 (VS2019)

END.
