#
# There is insufficient memory for the Java Runtime Environment to continue.
# Native memory allocation (malloc) failed to allocate 654576 bytes for Chunk::new
# Possible reasons:
#   The system is out of physical RAM or swap space
#   The process is running with CompressedOops enabled, and the Java Heap may be blocking the growth of the native heap
# Possible solutions:
#   Reduce memory load on the system
#   Increase physical memory or swap space
#   Check if swap backing store is full
#   Decrease Java heap size (-Xmx/-Xms)
#   Decrease number of Java threads
#   Decrease Java thread stack sizes (-Xss)
#   Set larger code cache with -XX:ReservedCodeCacheSize=
#   JVM is running with Unscaled Compressed Oops mode in which the Java heap is
#     placed in the first 4GB address space. The Java Heap base address is the
#     maximum limit for the native heap growth. Please use -XX:HeapBaseMinAddress
#     to set the Java Heap base and to place the Java Heap above 4GB virtual address.
# This output file may be truncated or incomplete.
#
#  Out of Memory Error (arena.cpp:189), pid=18288, tid=8512
#
# JRE version: Java(TM) SE Runtime Environment (17.0.4.1+1) (build 17.0.4.1+1-LTS-2)
# Java VM: Java HotSpot(TM) 64-Bit Server VM (17.0.4.1+1-LTS-2, mixed mode, sharing, tiered, compressed oops, compressed class ptrs, g1 gc, windows-amd64)
# No core dump will be written. Minidumps are not enabled by default on client versions of Windows
#

---------------  S U M M A R Y ------------

Command Line: --add-opens=java.base/java.util=ALL-UNNAMED --add-opens=java.base/java.lang=ALL-UNNAMED --add-opens=java.base/java.lang.invoke=ALL-UNNAMED --add-opens=java.base/java.util=ALL-UNNAMED --add-opens=java.prefs/java.util.prefs=ALL-UNNAMED --add-opens=java.prefs/java.util.prefs=ALL-UNNAMED --add-opens=java.base/java.nio.charset=ALL-UNNAMED --add-opens=java.base/java.net=ALL-UNNAMED --add-opens=java.base/java.util.concurrent.atomic=ALL-UNNAMED -XX:MaxMetaspaceSize=256m -XX:+HeapDumpOnOutOfMemoryError -Xms256m -Xmx512m -Dfile.encoding=windows-1251 -Duser.country=RU -Duser.language=ru -Duser.variant org.gradle.launcher.daemon.bootstrap.GradleDaemon 7.5.1

Host: AMD Ryzen 5 5500U with Radeon Graphics         , 12 cores, 15G,  Windows 11 , 64 bit Build 22621 (10.0.22621.1344)
Time: Thu Apr  6 04:36:09 2023 RTZ 2 (s 11 , 64 bit Build 22621 (10.0.22621.1344) elapsed time: 2.386537 seconds (0d 0h 0m 2s)

---------------  T H R E A D  ---------------

Current thread (0x000001f0c0c10b90):  JavaThread "C2 CompilerThread1" daemon [_thread_in_native, id=8512, stack(0x000000dcd2d00000,0x000000dcd2e00000)]


Current CompileTask:
C2:   2386 2085   !   4       java.net.URLClassLoader::findClass (47 bytes)

Stack: [0x000000dcd2d00000,0x000000dcd2e00000]
Native frames: (J=compiled Java code, j=interpreted, Vv=VM code, C=native code)
V  [jvm.dll+0x6723ba]
V  [jvm.dll+0x7d1e34]
V  [jvm.dll+0x7d35de]
V  [jvm.dll+0x7d3c43]
V  [jvm.dll+0x243065]
V  [jvm.dll+0xaa57b]
V  [jvm.dll+0xaab0c]
V  [jvm.dll+0x2a9dcf]
V  [jvm.dll+0x57a7f7]
V  [jvm.dll+0x21e342]
V  [jvm.dll+0x21785f]
V  [jvm.dll+0x2154bb]
V  [jvm.dll+0x1a1fcd]
V  [jvm.dll+0x224e08]
V  [jvm.dll+0x222f75]
V  [jvm.dll+0x787a0b]
V  [jvm.dll+0x781fca]
V  [jvm.dll+0x671245]
C  [ucrtbase.dll+0x29363]
C  [KERNEL32.DLL+0x126bd]
C  [ntdll.dll+0x5a9f8]


---------------  P R O C E S S  ---------------

Threads class SMR info:
_java_thread_list=0x000001f0c2239780, length=27, elements={
0x000001f0a327d470, 0x000001f0bfeebaf0, 0x000001f0bfeed6b0, 0x000001f0bff086f0,
0x000001f0bff0b0b0, 0x000001f0bff0ba60, 0x000001f0bff0e420, 0x000001f0bff1bae0,
0x000001f0bff1d8f0, 0x000001f0bff28af0, 0x000001f0c0a03000, 0x000001f0c0a05d10,
0x000001f0c0c10b90, 0x000001f0c0e937c0, 0x000001f0c22160d0, 0x000001f0c31d8b20,
0x000001f0c221edf0, 0x000001f0c285c090, 0x000001f0c2fa8830, 0x000001f0c2b99e60,
0x000001f0c216fd90, 0x000001f0c16c4d00, 0x000001f0c16c6510, 0x000001f0c16c4360,
0x000001f0c16c4830, 0x000001f0c16c51d0, 0x000001f0c16c56a0
}

Java Threads: ( => current thread )
  0x000001f0a327d470 JavaThread "main" [_thread_blocked, id=18516, stack(0x000000dcd1a00000,0x000000dcd1b00000)]
  0x000001f0bfeebaf0 JavaThread "Reference Handler" daemon [_thread_blocked, id=2588, stack(0x000000dcd2100000,0x000000dcd2200000)]
  0x000001f0bfeed6b0 JavaThread "Finalizer" daemon [_thread_blocked, id=4776, stack(0x000000dcd2200000,0x000000dcd2300000)]
  0x000001f0bff086f0 JavaThread "Signal Dispatcher" daemon [_thread_blocked, id=22044, stack(0x000000dcd2300000,0x000000dcd2400000)]
  0x000001f0bff0b0b0 JavaThread "Attach Listener" daemon [_thread_blocked, id=16888, stack(0x000000dcd2400000,0x000000dcd2500000)]
  0x000001f0bff0ba60 JavaThread "Service Thread" daemon [_thread_blocked, id=21448, stack(0x000000dcd2500000,0x000000dcd2600000)]
  0x000001f0bff0e420 JavaThread "Monitor Deflation Thread" daemon [_thread_blocked, id=13476, stack(0x000000dcd2600000,0x000000dcd2700000)]
  0x000001f0bff1bae0 JavaThread "C2 CompilerThread0" daemon [_thread_in_native, id=3184, stack(0x000000dcd2700000,0x000000dcd2800000)]
  0x000001f0bff1d8f0 JavaThread "C1 CompilerThread0" daemon [_thread_blocked, id=25204, stack(0x000000dcd2800000,0x000000dcd2900000)]
  0x000001f0bff28af0 JavaThread "Sweeper thread" daemon [_thread_blocked, id=19128, stack(0x000000dcd2900000,0x000000dcd2a00000)]
  0x000001f0c0a03000 JavaThread "Common-Cleaner" daemon [_thread_blocked, id=24480, stack(0x000000dcd2a00000,0x000000dcd2b00000)]
  0x000001f0c0a05d10 JavaThread "Notification Thread" daemon [_thread_blocked, id=5460, stack(0x000000dcd2b00000,0x000000dcd2c00000)]
=>0x000001f0c0c10b90 JavaThread "C2 CompilerThread1" daemon [_thread_in_native, id=8512, stack(0x000000dcd2d00000,0x000000dcd2e00000)]
  0x000001f0c0e937c0 JavaThread "C2 CompilerThread2" daemon [_thread_in_native, id=13172, stack(0x000000dcd2e00000,0x000000dcd2f00000)]
  0x000001f0c22160d0 JavaThread "Daemon health stats" [_thread_blocked, id=25856, stack(0x000000dcd3400000,0x000000dcd3500000)]
  0x000001f0c31d8b20 JavaThread "Incoming local TCP Connector on port 52985" [_thread_in_native, id=18576, stack(0x000000dcd3500000,0x000000dcd3600000)]
  0x000001f0c221edf0 JavaThread "Daemon periodic checks" [_thread_blocked, id=8344, stack(0x000000dcd3600000,0x000000dcd3700000)]
  0x000001f0c285c090 JavaThread "Daemon" [_thread_blocked, id=24272, stack(0x000000dcd3700000,0x000000dcd3800000)]
  0x000001f0c2fa8830 JavaThread "Handler for socket connection from /127.0.0.1:52985 to /127.0.0.1:52986" [_thread_in_native, id=12772, stack(0x000000dcd3800000,0x000000dcd3900000)]
  0x000001f0c2b99e60 JavaThread "Cancel handler" [_thread_blocked, id=9504, stack(0x000000dcd3900000,0x000000dcd3a00000)]
  0x000001f0c216fd90 JavaThread "Daemon worker" [_thread_in_vm, id=24688, stack(0x000000dcd3a00000,0x000000dcd3b00000)]
  0x000001f0c16c4d00 JavaThread "Asynchronous log dispatcher for DefaultDaemonConnection: socket connection from /127.0.0.1:52985 to /127.0.0.1:52986" [_thread_blocked, id=14772, stack(0x000000dcd3b00000,0x000000dcd3c00000)]
  0x000001f0c16c6510 JavaThread "Stdin handler" [_thread_blocked, id=22288, stack(0x000000dcd3c00000,0x000000dcd3d00000)]
  0x000001f0c16c4360 JavaThread "Daemon client event forwarder" [_thread_blocked, id=5324, stack(0x000000dcd3d00000,0x000000dcd3e00000)]
  0x000001f0c16c4830 JavaThread "Cache worker for journal cache (C:\Users\fergee\.gradle\caches\journal-1)" [_thread_blocked, id=1540, stack(0x000000dcd3e00000,0x000000dcd3f00000)]
  0x000001f0c16c51d0 JavaThread "File lock request listener" [_thread_in_native, id=19984, stack(0x000000dcd3f00000,0x000000dcd4000000)]
  0x000001f0c16c56a0 JavaThread "Cache worker for file hash cache (C:\Users\fergee\.gradle\caches\7.5.1\fileHashes)" [_thread_blocked, id=15584, stack(0x000000dcd4000000,0x000000dcd4100000)]

Other Threads:
  0x000001f0bfee8060 VMThread "VM Thread" [stack: 0x000000dcd2000000,0x000000dcd2100000] [id=10328]
  0x000001f0a32bae30 WatcherThread [stack: 0x000000dcd2c00000,0x000000dcd2d00000] [id=25092]
  0x000001f0a32ad750 GCTaskThread "GC Thread#0" [stack: 0x000000dcd1b00000,0x000000dcd1c00000] [id=24308]
  0x000001f0c19e6690 GCTaskThread "GC Thread#1" [stack: 0x000000dcd2f00000,0x000000dcd3000000] [id=18488]
  0x000001f0c19e6940 GCTaskThread "GC Thread#2" [stack: 0x000000dcd3000000,0x000000dcd3100000] [id=10540]
  0x000001f0c19e6bf0 GCTaskThread "GC Thread#3" [stack: 0x000000dcd3100000,0x000000dcd3200000] [id=21240]
  0x000001f0c19e6ea0 GCTaskThread "GC Thread#4" [stack: 0x000000dcd3200000,0x000000dcd3300000] [id=17724]
  0x000001f0c19e7150 GCTaskThread "GC Thread#5" [stack: 0x000000dcd3300000,0x000000dcd3400000] [id=15716]
  0x000001f0a32b3aa0 ConcurrentGCThread "G1 Main Marker" [stack: 0x000000dcd1c00000,0x000000dcd1d00000] [id=14840]
  0x000001f0a32b4610 ConcurrentGCThread "G1 Conc#0" [stack: 0x000000dcd1d00000,0x000000dcd1e00000] [id=4024]
  0x000001f0bfdae520 ConcurrentGCThread "G1 Refine#0" [stack: 0x000000dcd1e00000,0x000000dcd1f00000] [id=4456]
  0x000001f0a334d290 ConcurrentGCThread "G1 Service" [stack: 0x000000dcd1f00000,0x000000dcd2000000] [id=19716]

Threads with active compile tasks:
C2 CompilerThread0     2399 2029   !   4       java.lang.ClassLoader::loadClass (121 bytes)
C2 CompilerThread1     2399 2085   !   4       java.net.URLClassLoader::findClass (47 bytes)
C2 CompilerThread2     2399 2086       4       java.net.URLClassLoader$1::run (5 bytes)

VM state: not at safepoint (normal execution)

VM Mutex/Monitor currently owned by a thread: None

Heap address: 0x00000000e0000000, size: 512 MB, Compressed Oops mode: 32-bit

CDS archive(s) mapped at: [0x0000000800000000-0x0000000800bc0000-0x0000000800bc0000), size 12320768, SharedBaseAddress: 0x0000000800000000, ArchiveRelocationMode: 0.
Compressed class space mapped at: 0x0000000800c00000-0x000000080dc00000, reserved size: 218103808
Narrow klass base: 0x0000000800000000, Narrow klass shift: 0, Narrow klass range: 0x100000000

GC Precious Log:
 CPUs: 12 total, 12 available
 Memory: 15706M
 Large Page Support: Disabled
 NUMA Support: Disabled
 Compressed Oops: Enabled (32-bit)
 Heap Region Size: 1M
 Heap Min Capacity: 256M
 Heap Initial Capacity: 256M
 Heap Max Capacity: 512M
 Pre-touch: Disabled
 Parallel Workers: 10
 Concurrent Workers: 3
 Concurrent Refinement Workers: 10
 Periodic GC: Disabled

Heap:
 garbage-first heap   total 262144K, used 71593K [0x00000000e0000000, 0x0000000100000000)
  region size 1024K, 62 young (63488K), 4 survivors (4096K)
 Metaspace       used 14856K, committed 15104K, reserved 229376K
  class space    used 2185K, committed 2304K, reserved 212992K

Heap Regions: E=young(eden), S=young(survivor), O=old, HS=humongous(starts), HC=humongous(continues), CS=collection set, F=free, OA=open archive, CA=closed archive, TAMS=top-at-mark-start (previous, next)
|   0|0x00000000e0000000, 0x00000000e0000000, 0x00000000e0100000|  0%| F|  |TAMS 0x00000000e0000000, 0x00000000e0000000| Untracked 
|   1|0x00000000e0100000, 0x00000000e0200000, 0x00000000e0200000|100%| O|  |TAMS 0x00000000e0100000, 0x00000000e0100000| Untracked 
|   2|0x00000000e0200000, 0x00000000e02fb600, 0x00000000e0300000| 98%| O|  |TAMS 0x00000000e0200000, 0x00000000e0200000| Untracked 
|   3|0x00000000e0300000, 0x00000000e0400000, 0x00000000e0400000|100%|HS|  |TAMS 0x00000000e0300000, 0x00000000e0300000| Complete 
|   4|0x00000000e0400000, 0x00000000e0500000, 0x00000000e0500000|100%|HC|  |TAMS 0x00000000e0400000, 0x00000000e0400000| Complete 
|   5|0x00000000e0500000, 0x00000000e0600000, 0x00000000e0600000|100%|HC|  |TAMS 0x00000000e0500000, 0x00000000e0500000| Complete 
|   6|0x00000000e0600000, 0x00000000e0700000, 0x00000000e0700000|100%| O|  |TAMS 0x00000000e0600000, 0x00000000e0600000| Untracked 
|   7|0x00000000e0700000, 0x00000000e0800000, 0x00000000e0800000|100%| O|  |TAMS 0x00000000e0700000, 0x00000000e0700000| Untracked 
|   8|0x00000000e0800000, 0x00000000e0900000, 0x00000000e0900000|100%| O|  |TAMS 0x00000000e0800000, 0x00000000e0800000| Untracked 
|   9|0x00000000e0900000, 0x00000000e0a00000, 0x00000000e0a00000|100%| O|  |TAMS 0x00000000e0900000, 0x00000000e0900000| Untracked 
|  10|0x00000000e0a00000, 0x00000000e0a00000, 0x00000000e0b00000|  0%| F|  |TAMS 0x00000000e0a00000, 0x00000000e0a00000| Untracked 
|  11|0x00000000e0b00000, 0x00000000e0b00000, 0x00000000e0c00000|  0%| F|  |TAMS 0x00000000e0b00000, 0x00000000e0b00000| Untracked 
|  12|0x00000000e0c00000, 0x00000000e0c00000, 0x00000000e0d00000|  0%| F|  |TAMS 0x00000000e0c00000, 0x00000000e0c00000| Untracked 
|  13|0x00000000e0d00000, 0x00000000e0d00000, 0x00000000e0e00000|  0%| F|  |TAMS 0x00000000e0d00000, 0x00000000e0d00000| Untracked 
|  14|0x00000000e0e00000, 0x00000000e0e00000, 0x00000000e0f00000|  0%| F|  |TAMS 0x00000000e0e00000, 0x00000000e0e00000| Untracked 
|  15|0x00000000e0f00000, 0x00000000e0f00000, 0x00000000e1000000|  0%| F|  |TAMS 0x00000000e0f00000, 0x00000000e0f00000| Untracked 
|  16|0x00000000e1000000, 0x00000000e1000000, 0x00000000e1100000|  0%| F|  |TAMS 0x00000000e1000000, 0x00000000e1000000| Untracked 
|  17|0x00000000e1100000, 0x00000000e1100000, 0x00000000e1200000|  0%| F|  |TAMS 0x00000000e1100000, 0x00000000e1100000| Untracked 
|  18|0x00000000e1200000, 0x00000000e1200000, 0x00000000e1300000|  0%| F|  |TAMS 0x00000000e1200000, 0x00000000e1200000| Untracked 
|  19|0x00000000e1300000, 0x00000000e1300000, 0x00000000e1400000|  0%| F|  |TAMS 0x00000000e1300000, 0x00000000e1300000| Untracked 
|  20|0x00000000e1400000, 0x00000000e1400000, 0x00000000e1500000|  0%| F|  |TAMS 0x00000000e1400000, 0x00000000e1400000| Untracked 
|  21|0x00000000e1500000, 0x00000000e1500000, 0x00000000e1600000|  0%| F|  |TAMS 0x00000000e1500000, 0x00000000e1500000| Untracked 
|  22|0x00000000e1600000, 0x00000000e1600000, 0x00000000e1700000|  0%| F|  |TAMS 0x00000000e1600000, 0x00000000e1600000| Untracked 
|  23|0x00000000e1700000, 0x00000000e1700000, 0x00000000e1800000|  0%| F|  |TAMS 0x00000000e1700000, 0x00000000e1700000| Untracked 
|  24|0x00000000e1800000, 0x00000000e1800000, 0x00000000e1900000|  0%| F|  |TAMS 0x00000000e1800000, 0x00000000e1800000| Untracked 
|  25|0x00000000e1900000, 0x00000000e1900000, 0x00000000e1a00000|  0%| F|  |TAMS 0x00000000e1900000, 0x00000000e1900000| Untracked 
|  26|0x00000000e1a00000, 0x00000000e1a00000, 0x00000000e1b00000|  0%| F|  |TAMS 0x00000000e1a00000, 0x00000000e1a00000| Untracked 
|  27|0x00000000e1b00000, 0x00000000e1b00000, 0x00000000e1c00000|  0%| F|  |TAMS 0x00000000e1b00000, 0x00000000e1b00000| Untracked 
|  28|0x00000000e1c00000, 0x00000000e1c00000, 0x00000000e1d00000|  0%| F|  |TAMS 0x00000000e1c00000, 0x00000000e1c00000| Untracked 
|  29|0x00000000e1d00000, 0x00000000e1d00000, 0x00000000e1e00000|  0%| F|  |TAMS 0x00000000e1d00000, 0x00000000e1d00000| Untracked 
|  30|0x00000000e1e00000, 0x00000000e1e00000, 0x00000000e1f00000|  0%| F|  |TAMS 0x00000000e1e00000, 0x00000000e1e00000| Untracked 
|  31|0x00000000e1f00000, 0x00000000e1f00000, 0x00000000e2000000|  0%| F|  |TAMS 0x00000000e1f00000, 0x00000000e1f00000| Untracked 
|  32|0x00000000e2000000, 0x00000000e2000000, 0x00000000e2100000|  0%| F|  |TAMS 0x00000000e2000000, 0x00000000e2000000| Untracked 
|  33|0x00000000e2100000, 0x00000000e2100000, 0x00000000e2200000|  0%| F|  |TAMS 0x00000000e2100000, 0x00000000e2100000| Untracked 
|  34|0x00000000e2200000, 0x00000000e2200000, 0x00000000e2300000|  0%| F|  |TAMS 0x00000000e2200000, 0x00000000e2200000| Untracked 
|  35|0x00000000e2300000, 0x00000000e2300000, 0x00000000e2400000|  0%| F|  |TAMS 0x00000000e2300000, 0x00000000e2300000| Untracked 
|  36|0x00000000e2400000, 0x00000000e2400000, 0x00000000e2500000|  0%| F|  |TAMS 0x00000000e2400000, 0x00000000e2400000| Untracked 
|  37|0x00000000e2500000, 0x00000000e2500000, 0x00000000e2600000|  0%| F|  |TAMS 0x00000000e2500000, 0x00000000e2500000| Untracked 
|  38|0x00000000e2600000, 0x00000000e2600000, 0x00000000e2700000|  0%| F|  |TAMS 0x00000000e2600000, 0x00000000e2600000| Untracked 
|  39|0x00000000e2700000, 0x00000000e2700000, 0x00000000e2800000|  0%| F|  |TAMS 0x00000000e2700000, 0x00000000e2700000| Untracked 
|  40|0x00000000e2800000, 0x00000000e2800000, 0x00000000e2900000|  0%| F|  |TAMS 0x00000000e2800000, 0x00000000e2800000| Untracked 
|  41|0x00000000e2900000, 0x00000000e2900000, 0x00000000e2a00000|  0%| F|  |TAMS 0x00000000e2900000, 0x00000000e2900000| Untracked 
|  42|0x00000000e2a00000, 0x00000000e2a00000, 0x00000000e2b00000|  0%| F|  |TAMS 0x00000000e2a00000, 0x00000000e2a00000| Untracked 
|  43|0x00000000e2b00000, 0x00000000e2b00000, 0x00000000e2c00000|  0%| F|  |TAMS 0x00000000e2b00000, 0x00000000e2b00000| Untracked 
|  44|0x00000000e2c00000, 0x00000000e2c00000, 0x00000000e2d00000|  0%| F|  |TAMS 0x00000000e2c00000, 0x00000000e2c00000| Untracked 
|  45|0x00000000e2d00000, 0x00000000e2d00000, 0x00000000e2e00000|  0%| F|  |TAMS 0x00000000e2d00000, 0x00000000e2d00000| Untracked 
|  46|0x00000000e2e00000, 0x00000000e2e00000, 0x00000000e2f00000|  0%| F|  |TAMS 0x00000000e2e00000, 0x00000000e2e00000| Untracked 
|  47|0x00000000e2f00000, 0x00000000e2f00000, 0x00000000e3000000|  0%| F|  |TAMS 0x00000000e2f00000, 0x00000000e2f00000| Untracked 
|  48|0x00000000e3000000, 0x00000000e3000000, 0x00000000e3100000|  0%| F|  |TAMS 0x00000000e3000000, 0x00000000e3000000| Untracked 
|  49|0x00000000e3100000, 0x00000000e3100000, 0x00000000e3200000|  0%| F|  |TAMS 0x00000000e3100000, 0x00000000e3100000| Untracked 
|  50|0x00000000e3200000, 0x00000000e3200000, 0x00000000e3300000|  0%| F|  |TAMS 0x00000000e3200000, 0x00000000e3200000| Untracked 
|  51|0x00000000e3300000, 0x00000000e3300000, 0x00000000e3400000|  0%| F|  |TAMS 0x00000000e3300000, 0x00000000e3300000| Untracked 
|  52|0x00000000e3400000, 0x00000000e3400000, 0x00000000e3500000|  0%| F|  |TAMS 0x00000000e3400000, 0x00000000e3400000| Untracked 
|  53|0x00000000e3500000, 0x00000000e3500000, 0x00000000e3600000|  0%| F|  |TAMS 0x00000000e3500000, 0x00000000e3500000| Untracked 
|  54|0x00000000e3600000, 0x00000000e3600000, 0x00000000e3700000|  0%| F|  |TAMS 0x00000000e3600000, 0x00000000e3600000| Untracked 
|  55|0x00000000e3700000, 0x00000000e3700000, 0x00000000e3800000|  0%| F|  |TAMS 0x00000000e3700000, 0x00000000e3700000| Untracked 
|  56|0x00000000e3800000, 0x00000000e3800000, 0x00000000e3900000|  0%| F|  |TAMS 0x00000000e3800000, 0x00000000e3800000| Untracked 
|  57|0x00000000e3900000, 0x00000000e3900000, 0x00000000e3a00000|  0%| F|  |TAMS 0x00000000e3900000, 0x00000000e3900000| Untracked 
|  58|0x00000000e3a00000, 0x00000000e3a00000, 0x00000000e3b00000|  0%| F|  |TAMS 0x00000000e3a00000, 0x00000000e3a00000| Untracked 
|  59|0x00000000e3b00000, 0x00000000e3b00000, 0x00000000e3c00000|  0%| F|  |TAMS 0x00000000e3b00000, 0x00000000e3b00000| Untracked 
|  60|0x00000000e3c00000, 0x00000000e3c00000, 0x00000000e3d00000|  0%| F|  |TAMS 0x00000000e3c00000, 0x00000000e3c00000| Untracked 
|  61|0x00000000e3d00000, 0x00000000e3d00000, 0x00000000e3e00000|  0%| F|  |TAMS 0x00000000e3d00000, 0x00000000e3d00000| Untracked 
|  62|0x00000000e3e00000, 0x00000000e3e00000, 0x00000000e3f00000|  0%| F|  |TAMS 0x00000000e3e00000, 0x00000000e3e00000| Untracked 
|  63|0x00000000e3f00000, 0x00000000e3f00000, 0x00000000e4000000|  0%| F|  |TAMS 0x00000000e3f00000, 0x00000000e3f00000| Untracked 
|  64|0x00000000e4000000, 0x00000000e4000000, 0x00000000e4100000|  0%| F|  |TAMS 0x00000000e4000000, 0x00000000e4000000| Untracked 
|  65|0x00000000e4100000, 0x00000000e4100000, 0x00000000e4200000|  0%| F|  |TAMS 0x00000000e4100000, 0x00000000e4100000| Untracked 
|  66|0x00000000e4200000, 0x00000000e4200000, 0x00000000e4300000|  0%| F|  |TAMS 0x00000000e4200000, 0x00000000e4200000| Untracked 
|  67|0x00000000e4300000, 0x00000000e4300000, 0x00000000e4400000|  0%| F|  |TAMS 0x00000000e4300000, 0x00000000e4300000| Untracked 
|  68|0x00000000e4400000, 0x00000000e4400000, 0x00000000e4500000|  0%| F|  |TAMS 0x00000000e4400000, 0x00000000e4400000| Untracked 
|  69|0x00000000e4500000, 0x00000000e4500000, 0x00000000e4600000|  0%| F|  |TAMS 0x00000000e4500000, 0x00000000e4500000| Untracked 
|  70|0x00000000e4600000, 0x00000000e4600000, 0x00000000e4700000|  0%| F|  |TAMS 0x00000000e4600000, 0x00000000e4600000| Untracked 
|  71|0x00000000e4700000, 0x00000000e4700000, 0x00000000e4800000|  0%| F|  |TAMS 0x00000000e4700000, 0x00000000e4700000| Untracked 
|  72|0x00000000e4800000, 0x00000000e4800000, 0x00000000e4900000|  0%| F|  |TAMS 0x00000000e4800000, 0x00000000e4800000| Untracked 
|  73|0x00000000e4900000, 0x00000000e4900000, 0x00000000e4a00000|  0%| F|  |TAMS 0x00000000e4900000, 0x00000000e4900000| Untracked 
|  74|0x00000000e4a00000, 0x00000000e4a00000, 0x00000000e4b00000|  0%| F|  |TAMS 0x00000000e4a00000, 0x00000000e4a00000| Untracked 
|  75|0x00000000e4b00000, 0x00000000e4b00000, 0x00000000e4c00000|  0%| F|  |TAMS 0x00000000e4b00000, 0x00000000e4b00000| Untracked 
|  76|0x00000000e4c00000, 0x00000000e4c00000, 0x00000000e4d00000|  0%| F|  |TAMS 0x00000000e4c00000, 0x00000000e4c00000| Untracked 
|  77|0x00000000e4d00000, 0x00000000e4d00000, 0x00000000e4e00000|  0%| F|  |TAMS 0x00000000e4d00000, 0x00000000e4d00000| Untracked 
|  78|0x00000000e4e00000, 0x00000000e4e00000, 0x00000000e4f00000|  0%| F|  |TAMS 0x00000000e4e00000, 0x00000000e4e00000| Untracked 
|  79|0x00000000e4f00000, 0x00000000e4f00000, 0x00000000e5000000|  0%| F|  |TAMS 0x00000000e4f00000, 0x00000000e4f00000| Untracked 
|  80|0x00000000e5000000, 0x00000000e5000000, 0x00000000e5100000|  0%| F|  |TAMS 0x00000000e5000000, 0x00000000e5000000| Untracked 
|  81|0x00000000e5100000, 0x00000000e5100000, 0x00000000e5200000|  0%| F|  |TAMS 0x00000000e5100000, 0x00000000e5100000| Untracked 
|  82|0x00000000e5200000, 0x00000000e5200000, 0x00000000e5300000|  0%| F|  |TAMS 0x00000000e5200000, 0x00000000e5200000| Untracked 
|  83|0x00000000e5300000, 0x00000000e5300000, 0x00000000e5400000|  0%| F|  |TAMS 0x00000000e5300000, 0x00000000e5300000| Untracked 
|  84|0x00000000e5400000, 0x00000000e5400000, 0x00000000e5500000|  0%| F|  |TAMS 0x00000000e5400000, 0x00000000e5400000| Untracked 
|  85|0x00000000e5500000, 0x00000000e5500000, 0x00000000e5600000|  0%| F|  |TAMS 0x00000000e5500000, 0x00000000e5500000| Untracked 
|  86|0x00000000e5600000, 0x00000000e5600000, 0x00000000e5700000|  0%| F|  |TAMS 0x00000000e5600000, 0x00000000e5600000| Untracked 
|  87|0x00000000e5700000, 0x00000000e5700000, 0x00000000e5800000|  0%| F|  |TAMS 0x00000000e5700000, 0x00000000e5700000| Untracked 
|  88|0x00000000e5800000, 0x00000000e5800000, 0x00000000e5900000|  0%| F|  |TAMS 0x00000000e5800000, 0x00000000e5800000| Untracked 
|  89|0x00000000e5900000, 0x00000000e5900000, 0x00000000e5a00000|  0%| F|  |TAMS 0x00000000e5900000, 0x00000000e5900000| Untracked 
|  90|0x00000000e5a00000, 0x00000000e5a00000, 0x00000000e5b00000|  0%| F|  |TAMS 0x00000000e5a00000, 0x00000000e5a00000| Untracked 
|  91|0x00000000e5b00000, 0x00000000e5b00000, 0x00000000e5c00000|  0%| F|  |TAMS 0x00000000e5b00000, 0x00000000e5b00000| Untracked 
|  92|0x00000000e5c00000, 0x00000000e5c00000, 0x00000000e5d00000|  0%| F|  |TAMS 0x00000000e5c00000, 0x00000000e5c00000| Untracked 
|  93|0x00000000e5d00000, 0x00000000e5d00000, 0x00000000e5e00000|  0%| F|  |TAMS 0x00000000e5d00000, 0x00000000e5d00000| Untracked 
|  94|0x00000000e5e00000, 0x00000000e5e00000, 0x00000000e5f00000|  0%| F|  |TAMS 0x00000000e5e00000, 0x00000000e5e00000| Untracked 
|  95|0x00000000e5f00000, 0x00000000e5f00000, 0x00000000e6000000|  0%| F|  |TAMS 0x00000000e5f00000, 0x00000000e5f00000| Untracked 
|  96|0x00000000e6000000, 0x00000000e6000000, 0x00000000e6100000|  0%| F|  |TAMS 0x00000000e6000000, 0x00000000e6000000| Untracked 
|  97|0x00000000e6100000, 0x00000000e6100000, 0x00000000e6200000|  0%| F|  |TAMS 0x00000000e6100000, 0x00000000e6100000| Untracked 
|  98|0x00000000e6200000, 0x00000000e6200000, 0x00000000e6300000|  0%| F|  |TAMS 0x00000000e6200000, 0x00000000e6200000| Untracked 
|  99|0x00000000e6300000, 0x00000000e6300000, 0x00000000e6400000|  0%| F|  |TAMS 0x00000000e6300000, 0x00000000e6300000| Untracked 
| 100|0x00000000e6400000, 0x00000000e6400000, 0x00000000e6500000|  0%| F|  |TAMS 0x00000000e6400000, 0x00000000e6400000| Untracked 
| 101|0x00000000e6500000, 0x00000000e6500000, 0x00000000e6600000|  0%| F|  |TAMS 0x00000000e6500000, 0x00000000e6500000| Untracked 
| 102|0x00000000e6600000, 0x00000000e6600000, 0x00000000e6700000|  0%| F|  |TAMS 0x00000000e6600000, 0x00000000e6600000| Untracked 
| 103|0x00000000e6700000, 0x00000000e6700000, 0x00000000e6800000|  0%| F|  |TAMS 0x00000000e6700000, 0x00000000e6700000| Untracked 
| 104|0x00000000e6800000, 0x00000000e6800000, 0x00000000e6900000|  0%| F|  |TAMS 0x00000000e6800000, 0x00000000e6800000| Untracked 
| 105|0x00000000e6900000, 0x00000000e6900000, 0x00000000e6a00000|  0%| F|  |TAMS 0x00000000e6900000, 0x00000000e6900000| Untracked 
| 106|0x00000000e6a00000, 0x00000000e6a00000, 0x00000000e6b00000|  0%| F|  |TAMS 0x00000000e6a00000, 0x00000000e6a00000| Untracked 
| 107|0x00000000e6b00000, 0x00000000e6b00000, 0x00000000e6c00000|  0%| F|  |TAMS 0x00000000e6b00000, 0x00000000e6b00000| Untracked 
| 108|0x00000000e6c00000, 0x00000000e6c00000, 0x00000000e6d00000|  0%| F|  |TAMS 0x00000000e6c00000, 0x00000000e6c00000| Untracked 
| 109|0x00000000e6d00000, 0x00000000e6d00000, 0x00000000e6e00000|  0%| F|  |TAMS 0x00000000e6d00000, 0x00000000e6d00000| Untracked 
| 110|0x00000000e6e00000, 0x00000000e6e00000, 0x00000000e6f00000|  0%| F|  |TAMS 0x00000000e6e00000, 0x00000000e6e00000| Untracked 
| 111|0x00000000e6f00000, 0x00000000e6f00000, 0x00000000e7000000|  0%| F|  |TAMS 0x00000000e6f00000, 0x00000000e6f00000| Untracked 
| 112|0x00000000e7000000, 0x00000000e7000000, 0x00000000e7100000|  0%| F|  |TAMS 0x00000000e7000000, 0x00000000e7000000| Untracked 
| 113|0x00000000e7100000, 0x00000000e7100000, 0x00000000e7200000|  0%| F|  |TAMS 0x00000000e7100000, 0x00000000e7100000| Untracked 
| 114|0x00000000e7200000, 0x00000000e7200000, 0x00000000e7300000|  0%| F|  |TAMS 0x00000000e7200000, 0x00000000e7200000| Untracked 
| 115|0x00000000e7300000, 0x00000000e7300000, 0x00000000e7400000|  0%| F|  |TAMS 0x00000000e7300000, 0x00000000e7300000| Untracked 
| 116|0x00000000e7400000, 0x00000000e7400000, 0x00000000e7500000|  0%| F|  |TAMS 0x00000000e7400000, 0x00000000e7400000| Untracked 
| 117|0x00000000e7500000, 0x00000000e7500000, 0x00000000e7600000|  0%| F|  |TAMS 0x00000000e7500000, 0x00000000e7500000| Untracked 
| 118|0x00000000e7600000, 0x00000000e7600000, 0x00000000e7700000|  0%| F|  |TAMS 0x00000000e7600000, 0x00000000e7600000| Untracked 
| 119|0x00000000e7700000, 0x00000000e7700000, 0x00000000e7800000|  0%| F|  |TAMS 0x00000000e7700000, 0x00000000e7700000| Untracked 
| 120|0x00000000e7800000, 0x00000000e7800000, 0x00000000e7900000|  0%| F|  |TAMS 0x00000000e7800000, 0x00000000e7800000| Untracked 
| 121|0x00000000e7900000, 0x00000000e7900000, 0x00000000e7a00000|  0%| F|  |TAMS 0x00000000e7900000, 0x00000000e7900000| Untracked 
| 122|0x00000000e7a00000, 0x00000000e7a00000, 0x00000000e7b00000|  0%| F|  |TAMS 0x00000000e7a00000, 0x00000000e7a00000| Untracked 
| 123|0x00000000e7b00000, 0x00000000e7b00000, 0x00000000e7c00000|  0%| F|  |TAMS 0x00000000e7b00000, 0x00000000e7b00000| Untracked 
| 124|0x00000000e7c00000, 0x00000000e7c00000, 0x00000000e7d00000|  0%| F|  |TAMS 0x00000000e7c00000, 0x00000000e7c00000| Untracked 
| 125|0x00000000e7d00000, 0x00000000e7d00000, 0x00000000e7e00000|  0%| F|  |TAMS 0x00000000e7d00000, 0x00000000e7d00000| Untracked 
| 126|0x00000000e7e00000, 0x00000000e7e00000, 0x00000000e7f00000|  0%| F|  |TAMS 0x00000000e7e00000, 0x00000000e7e00000| Untracked 
| 127|0x00000000e7f00000, 0x00000000e7f00000, 0x00000000e8000000|  0%| F|  |TAMS 0x00000000e7f00000, 0x00000000e7f00000| Untracked 
| 128|0x00000000e8000000, 0x00000000e8000000, 0x00000000e8100000|  0%| F|  |TAMS 0x00000000e8000000, 0x00000000e8000000| Untracked 
| 129|0x00000000e8100000, 0x00000000e8100000, 0x00000000e8200000|  0%| F|  |TAMS 0x00000000e8100000, 0x00000000e8100000| Untracked 
| 130|0x00000000e8200000, 0x00000000e8200000, 0x00000000e8300000|  0%| F|  |TAMS 0x00000000e8200000, 0x00000000e8200000| Untracked 
| 131|0x00000000e8300000, 0x00000000e8300000, 0x00000000e8400000|  0%| F|  |TAMS 0x00000000e8300000, 0x00000000e8300000| Untracked 
| 132|0x00000000e8400000, 0x00000000e8400000, 0x00000000e8500000|  0%| F|  |TAMS 0x00000000e8400000, 0x00000000e8400000| Untracked 
| 133|0x00000000e8500000, 0x00000000e8500000, 0x00000000e8600000|  0%| F|  |TAMS 0x00000000e8500000, 0x00000000e8500000| Untracked 
| 134|0x00000000e8600000, 0x00000000e8600000, 0x00000000e8700000|  0%| F|  |TAMS 0x00000000e8600000, 0x00000000e8600000| Untracked 
| 135|0x00000000e8700000, 0x00000000e8700000, 0x00000000e8800000|  0%| F|  |TAMS 0x00000000e8700000, 0x00000000e8700000| Untracked 
| 136|0x00000000e8800000, 0x00000000e8800000, 0x00000000e8900000|  0%| F|  |TAMS 0x00000000e8800000, 0x00000000e8800000| Untracked 
| 137|0x00000000e8900000, 0x00000000e8900000, 0x00000000e8a00000|  0%| F|  |TAMS 0x00000000e8900000, 0x00000000e8900000| Untracked 
| 138|0x00000000e8a00000, 0x00000000e8a00000, 0x00000000e8b00000|  0%| F|  |TAMS 0x00000000e8a00000, 0x00000000e8a00000| Untracked 
| 139|0x00000000e8b00000, 0x00000000e8b00000, 0x00000000e8c00000|  0%| F|  |TAMS 0x00000000e8b00000, 0x00000000e8b00000| Untracked 
| 140|0x00000000e8c00000, 0x00000000e8c00000, 0x00000000e8d00000|  0%| F|  |TAMS 0x00000000e8c00000, 0x00000000e8c00000| Untracked 
| 141|0x00000000e8d00000, 0x00000000e8d00000, 0x00000000e8e00000|  0%| F|  |TAMS 0x00000000e8d00000, 0x00000000e8d00000| Untracked 
| 142|0x00000000e8e00000, 0x00000000e8e00000, 0x00000000e8f00000|  0%| F|  |TAMS 0x00000000e8e00000, 0x00000000e8e00000| Untracked 
| 143|0x00000000e8f00000, 0x00000000e8f00000, 0x00000000e9000000|  0%| F|  |TAMS 0x00000000e8f00000, 0x00000000e8f00000| Untracked 
| 144|0x00000000e9000000, 0x00000000e9000000, 0x00000000e9100000|  0%| F|  |TAMS 0x00000000e9000000, 0x00000000e9000000| Untracked 
| 145|0x00000000e9100000, 0x00000000e9100000, 0x00000000e9200000|  0%| F|  |TAMS 0x00000000e9100000, 0x00000000e9100000| Untracked 
| 146|0x00000000e9200000, 0x00000000e9200000, 0x00000000e9300000|  0%| F|  |TAMS 0x00000000e9200000, 0x00000000e9200000| Untracked 
| 147|0x00000000e9300000, 0x00000000e9300000, 0x00000000e9400000|  0%| F|  |TAMS 0x00000000e9300000, 0x00000000e9300000| Untracked 
| 148|0x00000000e9400000, 0x00000000e9400000, 0x00000000e9500000|  0%| F|  |TAMS 0x00000000e9400000, 0x00000000e9400000| Untracked 
| 149|0x00000000e9500000, 0x00000000e9500000, 0x00000000e9600000|  0%| F|  |TAMS 0x00000000e9500000, 0x00000000e9500000| Untracked 
| 150|0x00000000e9600000, 0x00000000e9600000, 0x00000000e9700000|  0%| F|  |TAMS 0x00000000e9600000, 0x00000000e9600000| Untracked 
| 151|0x00000000e9700000, 0x00000000e9700000, 0x00000000e9800000|  0%| F|  |TAMS 0x00000000e9700000, 0x00000000e9700000| Untracked 
| 152|0x00000000e9800000, 0x00000000e9800000, 0x00000000e9900000|  0%| F|  |TAMS 0x00000000e9800000, 0x00000000e9800000| Untracked 
| 153|0x00000000e9900000, 0x00000000e9900000, 0x00000000e9a00000|  0%| F|  |TAMS 0x00000000e9900000, 0x00000000e9900000| Untracked 
| 154|0x00000000e9a00000, 0x00000000e9a00000, 0x00000000e9b00000|  0%| F|  |TAMS 0x00000000e9a00000, 0x00000000e9a00000| Untracked 
| 155|0x00000000e9b00000, 0x00000000e9b00000, 0x00000000e9c00000|  0%| F|  |TAMS 0x00000000e9b00000, 0x00000000e9b00000| Untracked 
| 156|0x00000000e9c00000, 0x00000000e9c00000, 0x00000000e9d00000|  0%| F|  |TAMS 0x00000000e9c00000, 0x00000000e9c00000| Untracked 
| 157|0x00000000e9d00000, 0x00000000e9d00000, 0x00000000e9e00000|  0%| F|  |TAMS 0x00000000e9d00000, 0x00000000e9d00000| Untracked 
| 158|0x00000000e9e00000, 0x00000000e9e00000, 0x00000000e9f00000|  0%| F|  |TAMS 0x00000000e9e00000, 0x00000000e9e00000| Untracked 
| 159|0x00000000e9f00000, 0x00000000e9f00000, 0x00000000ea000000|  0%| F|  |TAMS 0x00000000e9f00000, 0x00000000e9f00000| Untracked 
| 160|0x00000000ea000000, 0x00000000ea000000, 0x00000000ea100000|  0%| F|  |TAMS 0x00000000ea000000, 0x00000000ea000000| Untracked 
| 161|0x00000000ea100000, 0x00000000ea100000, 0x00000000ea200000|  0%| F|  |TAMS 0x00000000ea100000, 0x00000000ea100000| Untracked 
| 162|0x00000000ea200000, 0x00000000ea200000, 0x00000000ea300000|  0%| F|  |TAMS 0x00000000ea200000, 0x00000000ea200000| Untracked 
| 163|0x00000000ea300000, 0x00000000ea300000, 0x00000000ea400000|  0%| F|  |TAMS 0x00000000ea300000, 0x00000000ea300000| Untracked 
| 164|0x00000000ea400000, 0x00000000ea400000, 0x00000000ea500000|  0%| F|  |TAMS 0x00000000ea400000, 0x00000000ea400000| Untracked 
| 165|0x00000000ea500000, 0x00000000ea500000, 0x00000000ea600000|  0%| F|  |TAMS 0x00000000ea500000, 0x00000000ea500000| Untracked 
| 166|0x00000000ea600000, 0x00000000ea600000, 0x00000000ea700000|  0%| F|  |TAMS 0x00000000ea600000, 0x00000000ea600000| Untracked 
| 167|0x00000000ea700000, 0x00000000ea700000, 0x00000000ea800000|  0%| F|  |TAMS 0x00000000ea700000, 0x00000000ea700000| Untracked 
| 168|0x00000000ea800000, 0x00000000ea800000, 0x00000000ea900000|  0%| F|  |TAMS 0x00000000ea800000, 0x00000000ea800000| Untracked 
| 169|0x00000000ea900000, 0x00000000ea900000, 0x00000000eaa00000|  0%| F|  |TAMS 0x00000000ea900000, 0x00000000ea900000| Untracked 
| 170|0x00000000eaa00000, 0x00000000eaa00000, 0x00000000eab00000|  0%| F|  |TAMS 0x00000000eaa00000, 0x00000000eaa00000| Untracked 
| 171|0x00000000eab00000, 0x00000000eab00000, 0x00000000eac00000|  0%| F|  |TAMS 0x00000000eab00000, 0x00000000eab00000| Untracked 
| 172|0x00000000eac00000, 0x00000000eac00000, 0x00000000ead00000|  0%| F|  |TAMS 0x00000000eac00000, 0x00000000eac00000| Untracked 
| 173|0x00000000ead00000, 0x00000000ead00000, 0x00000000eae00000|  0%| F|  |TAMS 0x00000000ead00000, 0x00000000ead00000| Untracked 
| 174|0x00000000eae00000, 0x00000000eae00000, 0x00000000eaf00000|  0%| F|  |TAMS 0x00000000eae00000, 0x00000000eae00000| Untracked 
| 175|0x00000000eaf00000, 0x00000000eaf00000, 0x00000000eb000000|  0%| F|  |TAMS 0x00000000eaf00000, 0x00000000eaf00000| Untracked 
| 176|0x00000000eb000000, 0x00000000eb000000, 0x00000000eb100000|  0%| F|  |TAMS 0x00000000eb000000, 0x00000000eb000000| Untracked 
| 177|0x00000000eb100000, 0x00000000eb100000, 0x00000000eb200000|  0%| F|  |TAMS 0x00000000eb100000, 0x00000000eb100000| Untracked 
| 178|0x00000000eb200000, 0x00000000eb200000, 0x00000000eb300000|  0%| F|  |TAMS 0x00000000eb200000, 0x00000000eb200000| Untracked 
| 179|0x00000000eb300000, 0x00000000eb300000, 0x00000000eb400000|  0%| F|  |TAMS 0x00000000eb300000, 0x00000000eb300000| Untracked 
| 180|0x00000000eb400000, 0x00000000eb400000, 0x00000000eb500000|  0%| F|  |TAMS 0x00000000eb400000, 0x00000000eb400000| Untracked 
| 181|0x00000000eb500000, 0x00000000eb500000, 0x00000000eb600000|  0%| F|  |TAMS 0x00000000eb500000, 0x00000000eb500000| Untracked 
| 182|0x00000000eb600000, 0x00000000eb600000, 0x00000000eb700000|  0%| F|  |TAMS 0x00000000eb600000, 0x00000000eb600000| Untracked 
| 183|0x00000000eb700000, 0x00000000eb700000, 0x00000000eb800000|  0%| F|  |TAMS 0x00000000eb700000, 0x00000000eb700000| Untracked 
| 184|0x00000000eb800000, 0x00000000eb800000, 0x00000000eb900000|  0%| F|  |TAMS 0x00000000eb800000, 0x00000000eb800000| Untracked 
| 185|0x00000000eb900000, 0x00000000eb900000, 0x00000000eba00000|  0%| F|  |TAMS 0x00000000eb900000, 0x00000000eb900000| Untracked 
| 186|0x00000000eba00000, 0x00000000eba00000, 0x00000000ebb00000|  0%| F|  |TAMS 0x00000000eba00000, 0x00000000eba00000| Untracked 
| 187|0x00000000ebb00000, 0x00000000ebb00000, 0x00000000ebc00000|  0%| F|  |TAMS 0x00000000ebb00000, 0x00000000ebb00000| Untracked 
| 188|0x00000000ebc00000, 0x00000000ebc00000, 0x00000000ebd00000|  0%| F|  |TAMS 0x00000000ebc00000, 0x00000000ebc00000| Untracked 
| 189|0x00000000ebd00000, 0x00000000ebd00000, 0x00000000ebe00000|  0%| F|  |TAMS 0x00000000ebd00000, 0x00000000ebd00000| Untracked 
| 190|0x00000000ebe00000, 0x00000000ebe00000, 0x00000000ebf00000|  0%| F|  |TAMS 0x00000000ebe00000, 0x00000000ebe00000| Untracked 
| 191|0x00000000ebf00000, 0x00000000ebf00000, 0x00000000ec000000|  0%| F|  |TAMS 0x00000000ebf00000, 0x00000000ebf00000| Untracked 
| 192|0x00000000ec000000, 0x00000000ec000000, 0x00000000ec100000|  0%| F|  |TAMS 0x00000000ec000000, 0x00000000ec000000| Untracked 
| 193|0x00000000ec100000, 0x00000000ec180800, 0x00000000ec200000| 50%| E|  |TAMS 0x00000000ec100000, 0x00000000ec100000| Complete 
| 194|0x00000000ec200000, 0x00000000ec300000, 0x00000000ec300000|100%| E|CS|TAMS 0x00000000ec200000, 0x00000000ec200000| Complete 
| 195|0x00000000ec300000, 0x00000000ec400000, 0x00000000ec400000|100%| E|CS|TAMS 0x00000000ec300000, 0x00000000ec300000| Complete 
| 196|0x00000000ec400000, 0x00000000ec500000, 0x00000000ec500000|100%| E|CS|TAMS 0x00000000ec400000, 0x00000000ec400000| Complete 
| 197|0x00000000ec500000, 0x00000000ec600000, 0x00000000ec600000|100%| E|CS|TAMS 0x00000000ec500000, 0x00000000ec500000| Complete 
| 198|0x00000000ec600000, 0x00000000ec700000, 0x00000000ec700000|100%| E|CS|TAMS 0x00000000ec600000, 0x00000000ec600000| Complete 
| 199|0x00000000ec700000, 0x00000000ec800000, 0x00000000ec800000|100%| E|CS|TAMS 0x00000000ec700000, 0x00000000ec700000| Complete 
| 200|0x00000000ec800000, 0x00000000ec900000, 0x00000000ec900000|100%| E|CS|TAMS 0x00000000ec800000, 0x00000000ec800000| Complete 
| 201|0x00000000ec900000, 0x00000000eca00000, 0x00000000eca00000|100%| E|CS|TAMS 0x00000000ec900000, 0x00000000ec900000| Complete 
| 202|0x00000000eca00000, 0x00000000ecb00000, 0x00000000ecb00000|100%| E|CS|TAMS 0x00000000eca00000, 0x00000000eca00000| Complete 
| 203|0x00000000ecb00000, 0x00000000ecc00000, 0x00000000ecc00000|100%| E|CS|TAMS 0x00000000ecb00000, 0x00000000ecb00000| Complete 
| 204|0x00000000ecc00000, 0x00000000ecd00000, 0x00000000ecd00000|100%| E|CS|TAMS 0x00000000ecc00000, 0x00000000ecc00000| Complete 
| 205|0x00000000ecd00000, 0x00000000ece00000, 0x00000000ece00000|100%| E|CS|TAMS 0x00000000ecd00000, 0x00000000ecd00000| Complete 
| 206|0x00000000ece00000, 0x00000000ecf00000, 0x00000000ecf00000|100%| E|CS|TAMS 0x00000000ece00000, 0x00000000ece00000| Complete 
| 207|0x00000000ecf00000, 0x00000000ed000000, 0x00000000ed000000|100%| E|CS|TAMS 0x00000000ecf00000, 0x00000000ecf00000| Complete 
| 208|0x00000000ed000000, 0x00000000ed100000, 0x00000000ed100000|100%| E|CS|TAMS 0x00000000ed000000, 0x00000000ed000000| Complete 
| 209|0x00000000ed100000, 0x00000000ed200000, 0x00000000ed200000|100%| E|CS|TAMS 0x00000000ed100000, 0x00000000ed100000| Complete 
| 210|0x00000000ed200000, 0x00000000ed300000, 0x00000000ed300000|100%| E|CS|TAMS 0x00000000ed200000, 0x00000000ed200000| Complete 
| 211|0x00000000ed300000, 0x00000000ed400000, 0x00000000ed400000|100%| E|CS|TAMS 0x00000000ed300000, 0x00000000ed300000| Complete 
| 212|0x00000000ed400000, 0x00000000ed500000, 0x00000000ed500000|100%| E|CS|TAMS 0x00000000ed400000, 0x00000000ed400000| Complete 
| 213|0x00000000ed500000, 0x00000000ed600000, 0x00000000ed600000|100%| E|CS|TAMS 0x00000000ed500000, 0x00000000ed500000| Complete 
| 214|0x00000000ed600000, 0x00000000ed700000, 0x00000000ed700000|100%| E|CS|TAMS 0x00000000ed600000, 0x00000000ed600000| Complete 
| 215|0x00000000ed700000, 0x00000000ed800000, 0x00000000ed800000|100%| E|CS|TAMS 0x00000000ed700000, 0x00000000ed700000| Complete 
| 216|0x00000000ed800000, 0x00000000ed900000, 0x00000000ed900000|100%| E|CS|TAMS 0x00000000ed800000, 0x00000000ed800000| Complete 
| 217|0x00000000ed900000, 0x00000000eda00000, 0x00000000eda00000|100%| E|CS|TAMS 0x00000000ed900000, 0x00000000ed900000| Complete 
| 218|0x00000000eda00000, 0x00000000edb00000, 0x00000000edb00000|100%| E|CS|TAMS 0x00000000eda00000, 0x00000000eda00000| Complete 
| 219|0x00000000edb00000, 0x00000000edc00000, 0x00000000edc00000|100%| E|CS|TAMS 0x00000000edb00000, 0x00000000edb00000| Complete 
| 220|0x00000000edc00000, 0x00000000edd00000, 0x00000000edd00000|100%| E|CS|TAMS 0x00000000edc00000, 0x00000000edc00000| Complete 
| 221|0x00000000edd00000, 0x00000000eddef148, 0x00000000ede00000| 93%| S|CS|TAMS 0x00000000edd00000, 0x00000000edd00000| Complete 
| 222|0x00000000ede00000, 0x00000000edf00000, 0x00000000edf00000|100%| S|CS|TAMS 0x00000000ede00000, 0x00000000ede00000| Complete 
| 223|0x00000000edf00000, 0x00000000ee000000, 0x00000000ee000000|100%| S|CS|TAMS 0x00000000edf00000, 0x00000000edf00000| Complete 
| 224|0x00000000ee000000, 0x00000000ee100000, 0x00000000ee100000|100%| S|CS|TAMS 0x00000000ee000000, 0x00000000ee000000| Complete 
| 225|0x00000000ee100000, 0x00000000ee200000, 0x00000000ee200000|100%| E|CS|TAMS 0x00000000ee100000, 0x00000000ee100000| Complete 
| 226|0x00000000ee200000, 0x00000000ee300000, 0x00000000ee300000|100%| E|CS|TAMS 0x00000000ee200000, 0x00000000ee200000| Complete 
| 227|0x00000000ee300000, 0x00000000ee400000, 0x00000000ee400000|100%| E|CS|TAMS 0x00000000ee300000, 0x00000000ee300000| Complete 
| 228|0x00000000ee400000, 0x00000000ee500000, 0x00000000ee500000|100%| E|CS|TAMS 0x00000000ee400000, 0x00000000ee400000| Complete 
| 229|0x00000000ee500000, 0x00000000ee600000, 0x00000000ee600000|100%| E|CS|TAMS 0x00000000ee500000, 0x00000000ee500000| Complete 
| 230|0x00000000ee600000, 0x00000000ee700000, 0x00000000ee700000|100%| E|CS|TAMS 0x00000000ee600000, 0x00000000ee600000| Complete 
| 231|0x00000000ee700000, 0x00000000ee800000, 0x00000000ee800000|100%| E|CS|TAMS 0x00000000ee700000, 0x00000000ee700000| Complete 
| 232|0x00000000ee800000, 0x00000000ee900000, 0x00000000ee900000|100%| E|CS|TAMS 0x00000000ee800000, 0x00000000ee800000| Complete 
| 233|0x00000000ee900000, 0x00000000eea00000, 0x00000000eea00000|100%| E|CS|TAMS 0x00000000ee900000, 0x00000000ee900000| Complete 
| 234|0x00000000eea00000, 0x00000000eeb00000, 0x00000000eeb00000|100%| E|CS|TAMS 0x00000000eea00000, 0x00000000eea00000| Complete 
| 235|0x00000000eeb00000, 0x00000000eec00000, 0x00000000eec00000|100%| E|CS|TAMS 0x00000000eeb00000, 0x00000000eeb00000| Complete 
| 236|0x00000000eec00000, 0x00000000eed00000, 0x00000000eed00000|100%| E|CS|TAMS 0x00000000eec00000, 0x00000000eec00000| Complete 
| 237|0x00000000eed00000, 0x00000000eee00000, 0x00000000eee00000|100%| E|CS|TAMS 0x00000000eed00000, 0x00000000eed00000| Complete 
| 238|0x00000000eee00000, 0x00000000eef00000, 0x00000000eef00000|100%| E|CS|TAMS 0x00000000eee00000, 0x00000000eee00000| Complete 
| 239|0x00000000eef00000, 0x00000000ef000000, 0x00000000ef000000|100%| E|CS|TAMS 0x00000000eef00000, 0x00000000eef00000| Complete 
| 240|0x00000000ef000000, 0x00000000ef100000, 0x00000000ef100000|100%| E|CS|TAMS 0x00000000ef000000, 0x00000000ef000000| Complete 
| 241|0x00000000ef100000, 0x00000000ef200000, 0x00000000ef200000|100%| E|CS|TAMS 0x00000000ef100000, 0x00000000ef100000| Complete 
| 242|0x00000000ef200000, 0x00000000ef300000, 0x00000000ef300000|100%| E|CS|TAMS 0x00000000ef200000, 0x00000000ef200000| Complete 
| 243|0x00000000ef300000, 0x00000000ef400000, 0x00000000ef400000|100%| E|CS|TAMS 0x00000000ef300000, 0x00000000ef300000| Complete 
| 244|0x00000000ef400000, 0x00000000ef500000, 0x00000000ef500000|100%| E|CS|TAMS 0x00000000ef400000, 0x00000000ef400000| Complete 
| 245|0x00000000ef500000, 0x00000000ef600000, 0x00000000ef600000|100%| E|CS|TAMS 0x00000000ef500000, 0x00000000ef500000| Complete 
| 246|0x00000000ef600000, 0x00000000ef700000, 0x00000000ef700000|100%| E|CS|TAMS 0x00000000ef600000, 0x00000000ef600000| Complete 
| 247|0x00000000ef700000, 0x00000000ef800000, 0x00000000ef800000|100%| E|CS|TAMS 0x00000000ef700000, 0x00000000ef700000| Complete 
| 248|0x00000000ef800000, 0x00000000ef900000, 0x00000000ef900000|100%| E|CS|TAMS 0x00000000ef800000, 0x00000000ef800000| Complete 
| 249|0x00000000ef900000, 0x00000000efa00000, 0x00000000efa00000|100%| E|CS|TAMS 0x00000000ef900000, 0x00000000ef900000| Complete 
| 250|0x00000000efa00000, 0x00000000efb00000, 0x00000000efb00000|100%| E|CS|TAMS 0x00000000efa00000, 0x00000000efa00000| Complete 
| 251|0x00000000efb00000, 0x00000000efc00000, 0x00000000efc00000|100%| E|CS|TAMS 0x00000000efb00000, 0x00000000efb00000| Complete 
| 252|0x00000000efc00000, 0x00000000efd00000, 0x00000000efd00000|100%| E|CS|TAMS 0x00000000efc00000, 0x00000000efc00000| Complete 
| 253|0x00000000efd00000, 0x00000000efe00000, 0x00000000efe00000|100%| E|CS|TAMS 0x00000000efd00000, 0x00000000efd00000| Complete 
| 254|0x00000000efe00000, 0x00000000eff00000, 0x00000000eff00000|100%| E|CS|TAMS 0x00000000efe00000, 0x00000000efe00000| Complete 
| 255|0x00000000eff00000, 0x00000000f0000000, 0x00000000f0000000|100%| E|CS|TAMS 0x00000000eff00000, 0x00000000eff00000| Complete 

Card table byte_map: [0x000001f0bc070000,0x000001f0bc170000] _byte_map_base: 0x000001f0bb970000

Marking Bits (Prev, Next): (CMBitMap*) 0x000001f0a32af170, (CMBitMap*) 0x000001f0a32af1b0
 Prev Bits: [0x000001f0bc270000, 0x000001f0bca70000)
 Next Bits: [0x000001f0bca70000, 0x000001f0bd270000)

Polling page: 0x000001f0a3350000

Metaspace:

Usage:
  Non-class:     12.50 MB used.
      Class:      2.15 MB used.
       Both:     14.64 MB used.

Virtual space:
  Non-class space:       16.00 MB reserved,      12.62 MB ( 79%) committed,  2 nodes.
      Class space:      208.00 MB reserved,       2.25 MB (  1%) committed,  1 nodes.
             Both:      224.00 MB reserved,      14.88 MB (  7%) committed. 

Chunk freelists:
   Non-Class:  2.47 MB
       Class:  1.69 MB
        Both:  4.16 MB

MaxMetaspaceSize: 256.00 MB
CompressedClassSpaceSize: 208.00 MB
Initial GC threshold: 21.00 MB
Current GC threshold: 21.00 MB
CDS: on
MetaspaceReclaimPolicy: balanced
 - commit_granule_bytes: 65536.
 - commit_granule_words: 8192.
 - virtual_space_node_default_size: 1048576.
 - enlarge_chunks_in_place: 1.
 - new_chunks_are_fully_committed: 0.
 - uncommit_free_chunks: 1.
 - use_allocation_guard: 0.
 - handle_deallocations: 1.


Internal statistics:

num_allocs_failed_limit: 0.
num_arena_births: 156.
num_arena_deaths: 0.
num_vsnodes_births: 3.
num_vsnodes_deaths: 0.
num_space_committed: 238.
num_space_uncommitted: 0.
num_chunks_returned_to_freelist: 0.
num_chunks_taken_from_freelist: 641.
num_chunk_merges: 0.
num_chunk_splits: 427.
num_chunks_enlarged: 314.
num_purges: 0.
num_inconsistent_stats: 0.

CodeHeap 'non-profiled nmethods': size=120000Kb used=1140Kb max_used=1140Kb free=118859Kb
 bounds [0x000001f0b3dc0000, 0x000001f0b4030000, 0x000001f0bb2f0000]
CodeHeap 'profiled nmethods': size=120000Kb used=4248Kb max_used=4248Kb free=115751Kb
 bounds [0x000001f0ac890000, 0x000001f0accc0000, 0x000001f0b3dc0000]
CodeHeap 'non-nmethods': size=5760Kb used=1212Kb max_used=1227Kb free=4547Kb
 bounds [0x000001f0ac2f0000, 0x000001f0ac560000, 0x000001f0ac890000]
 total_blobs=2635 nmethods=2116 adapters=431
 compilation: enabled
              stopped_count=0, restarted_count=0
 full_count=0

Compilation events (20 events):
Event: 2.381 Thread 0x000001f0bff1d8f0 nmethod 2095 0x000001f0acca7110 code [0x000001f0acca72a0, 0x000001f0acca7398]
Event: 2.381 Thread 0x000001f0bff1d8f0 2094       1       java.lang.invoke.DirectMethodHandle::isCrackable (5 bytes)
Event: 2.381 Thread 0x000001f0bff1d8f0 nmethod 2094 0x000001f0b3edd010 code [0x000001f0b3edd1a0, 0x000001f0b3edd278]
Event: 2.381 Thread 0x000001f0bff1d8f0 2097       3       sun.reflect.generics.parser.SignatureParser::parseClassTypeSignatureSuffix (29 bytes)
Event: 2.382 Thread 0x000001f0bff1d8f0 nmethod 2097 0x000001f0acca7410 code [0x000001f0acca75e0, 0x000001f0acca7918]
Event: 2.382 Thread 0x000001f0bff1d8f0 2100       3       sun.reflect.generics.parser.SignatureParser::parseClassTypeSignature (118 bytes)
Event: 2.382 Thread 0x000001f0bff1d8f0 nmethod 2100 0x000001f0acca7a90 code [0x000001f0acca7e20, 0x000001f0acca9218]
Event: 2.382 Thread 0x000001f0bff1d8f0 2098       3       sun.reflect.generics.tree.ClassTypeSignature::make (9 bytes)
Event: 2.382 Thread 0x000001f0bff1d8f0 nmethod 2098 0x000001f0acca9990 code [0x000001f0acca9b40, 0x000001f0acca9d98]
Event: 2.382 Thread 0x000001f0bff1d8f0 2099       3       sun.reflect.generics.tree.ClassTypeSignature::<init> (10 bytes)
Event: 2.383 Thread 0x000001f0bff1d8f0 nmethod 2099 0x000001f0acca9e90 code [0x000001f0accaa020, 0x000001f0accaa1d8]
Event: 2.383 Thread 0x000001f0bff1d8f0 2101       3       java.lang.AbstractStringBuilder::<init> (63 bytes)
Event: 2.383 Thread 0x000001f0bff1d8f0 nmethod 2101 0x000001f0accaa290 code [0x000001f0accaa480, 0x000001f0accaaa18]
Event: 2.383 Thread 0x000001f0bff1d8f0 2102       3       java.lang.Module::implIsExportedOrOpen (92 bytes)
Event: 2.383 Thread 0x000001f0bff1d8f0 nmethod 2102 0x000001f0accaac10 code [0x000001f0accaae40, 0x000001f0accab558]
Event: 2.383 Thread 0x000001f0bff1d8f0 2105   !   3       sun.reflect.generics.factory.CoreReflectionFactory::makeNamedType (21 bytes)
Event: 2.383 Thread 0x000001f0bff1d8f0 nmethod 2105 0x000001f0accab710 code [0x000001f0accab8c0, 0x000001f0accabb08]
Event: 2.383 Thread 0x000001f0bff1d8f0 2107       3       org.gradle.internal.service.DefaultServiceRegistry$ClassInspector$ClassDetails::locateAnnotation (44 bytes)
Event: 2.384 Thread 0x000001f0bff1d8f0 nmethod 2107 0x000001f0accabc90 code [0x000001f0accabec0, 0x000001f0accac818]
Event: 2.384 Thread 0x000001f0bff1d8f0 2104       3       sun.reflect.generics.factory.CoreReflectionFactory::getDeclsLoader (85 bytes)

GC Heap History (4 events):
Event: 0.817 GC heap before
{Heap before GC invocations=0 (full 0):
 garbage-first heap   total 262144K, used 28672K [0x00000000e0000000, 0x0000000100000000)
  region size 1024K, 23 young (23552K), 0 survivors (0K)
 Metaspace       used 2981K, committed 3136K, reserved 221184K
  class space    used 380K, committed 448K, reserved 212992K
}
Event: 0.821 GC heap after
{Heap after GC invocations=1 (full 0):
 garbage-first heap   total 262144K, used 9460K [0x00000000e0000000, 0x0000000100000000)
  region size 1024K, 3 young (3072K), 3 survivors (3072K)
 Metaspace       used 2981K, committed 3136K, reserved 221184K
  class space    used 380K, committed 448K, reserved 212992K
}
Event: 1.264 GC heap before
{Heap before GC invocations=1 (full 0):
 garbage-first heap   total 262144K, used 39156K [0x00000000e0000000, 0x0000000100000000)
  region size 1024K, 31 young (31744K), 3 survivors (3072K)
 Metaspace       used 3907K, committed 4096K, reserved 221184K
  class space    used 475K, committed 576K, reserved 212992K
}
Event: 1.267 GC heap after
{Heap after GC invocations=2 (full 0):
 garbage-first heap   total 262144K, used 13225K [0x00000000e0000000, 0x0000000100000000)
  region size 1024K, 4 young (4096K), 4 survivors (4096K)
 Metaspace       used 3907K, committed 4096K, reserved 221184K
  class space    used 475K, committed 576K, reserved 212992K
}

Deoptimization events (20 events):
Event: 2.149 Thread 0x000001f0c216fd90 DEOPT PACKING pc=0x000001f0b3e0f024 sp=0x000000dcd3afd960
Event: 2.149 Thread 0x000001f0c216fd90 DEOPT UNPACKING pc=0x000001f0ac3423a3 sp=0x000000dcd3afd890 mode 2
Event: 2.149 Thread 0x000001f0c216fd90 Uncommon trap: trap_request=0xffffff45 fr.pc=0x000001f0b3e9a068 relative=0x0000000000000448
Event: 2.149 Thread 0x000001f0c216fd90 Uncommon trap: reason=unstable_if action=reinterpret pc=0x000001f0b3e9a068 method=java.lang.String.substring(II)Ljava/lang/String; @ 31 c2
Event: 2.149 Thread 0x000001f0c216fd90 DEOPT PACKING pc=0x000001f0b3e9a068 sp=0x000000dcd3afd920
Event: 2.149 Thread 0x000001f0c216fd90 DEOPT UNPACKING pc=0x000001f0ac3423a3 sp=0x000000dcd3afd880 mode 2
Event: 2.150 Thread 0x000001f0c216fd90 Uncommon trap: trap_request=0xffffff45 fr.pc=0x000001f0b3e73e88 relative=0x0000000000000368
Event: 2.150 Thread 0x000001f0c216fd90 Uncommon trap: reason=unstable_if action=reinterpret pc=0x000001f0b3e73e88 method=java.lang.StringUTF16.compress([CII)[B @ 13 c2
Event: 2.150 Thread 0x000001f0c216fd90 DEOPT PACKING pc=0x000001f0b3e73e88 sp=0x000000dcd3afd6e0
Event: 2.150 Thread 0x000001f0c216fd90 DEOPT UNPACKING pc=0x000001f0ac3423a3 sp=0x000000dcd3afd5a8 mode 2
Event: 2.150 Thread 0x000001f0c216fd90 Uncommon trap: trap_request=0xffffff45 fr.pc=0x000001f0b3df4af8 relative=0x0000000000000458
Event: 2.150 Thread 0x000001f0c216fd90 Uncommon trap: reason=unstable_if action=reinterpret pc=0x000001f0b3df4af8 method=java.lang.String.substring(II)Ljava/lang/String; @ 31 c2
Event: 2.150 Thread 0x000001f0c216fd90 DEOPT PACKING pc=0x000001f0b3df4af8 sp=0x000000dcd3afd810
Event: 2.150 Thread 0x000001f0c216fd90 DEOPT UNPACKING pc=0x000001f0ac3423a3 sp=0x000000dcd3afd7e0 mode 2
Event: 2.195 Thread 0x000001f0c216fd90 DEOPT PACKING pc=0x000001f0acbd8808 sp=0x000000dcd3afb9e0
Event: 2.195 Thread 0x000001f0c216fd90 DEOPT UNPACKING pc=0x000001f0ac342b43 sp=0x000000dcd3afaee8 mode 0
Event: 2.364 Thread 0x000001f0c216fd90 DEOPT PACKING pc=0x000001f0acc8b3ea sp=0x000000dcd3afbb20
Event: 2.364 Thread 0x000001f0c216fd90 DEOPT UNPACKING pc=0x000001f0ac342b43 sp=0x000000dcd3afb030 mode 0
Event: 2.380 Thread 0x000001f0c216fd90 DEOPT PACKING pc=0x000001f0acbf7afe sp=0x000000dcd3afc1e0
Event: 2.380 Thread 0x000001f0c216fd90 DEOPT UNPACKING pc=0x000001f0ac342b43 sp=0x000000dcd3afb650 mode 0

Classes unloaded (0 events):
No events

Classes redefined (0 events):
No events

Internal exceptions (20 events):
Event: 1.803 Thread 0x000001f0a327d470 Exception <a 'java/lang/NoSuchMethodError'{0x00000000eed72d28}: 'void java.lang.invoke.DirectMethodHandle$Holder.invokeStatic(java.lang.Object, java.lang.Object, java.lang.Object)'> (0x00000000eed72d28) 
thrown [s\open\src\hotspot\share\interpreter\linkResolver.cpp, line 759]
Event: 1.828 Thread 0x000001f0a327d470 Exception <a 'java/io/IOException'{0x00000000eec1adb0}> (0x00000000eec1adb0) 
thrown [s\open\src\hotspot\share\prims\jni.cpp, line 516]
Event: 1.938 Thread 0x000001f0c216fd90 Exception <a 'java/lang/NoSuchMethodError'{0x00000000ee623f60}: 'long java.lang.invoke.DirectMethodHandle$Holder.invokeInterface(java.lang.Object, java.lang.Object)'> (0x00000000ee623f60) 
thrown [s\open\src\hotspot\share\interpreter\linkResolver.cpp, line 759]
Event: 1.940 Thread 0x000001f0c216fd90 Exception <a 'java/lang/NoSuchMethodError'{0x00000000ee6320d8}: 'void java.lang.invoke.DelegatingMethodHandle$Holder.reinvoke_L(java.lang.Object, java.lang.Object, java.lang.Object, java.lang.Object, java.lang.Object, java.lang.Object, java.lang.Object)'> (0x00000000ee6320d8) 
thrown [s\open\src\hotspot\share\interpreter\linkResolver.cpp, line 759]
Event: 1.996 Thread 0x000001f0c216fd90 Exception <a 'java/lang/NoSuchMethodError'{0x00000000ee261db8}: 'void java.lang.invoke.DirectMethodHandle$Holder.invokeStaticInit(java.lang.Object)'> (0x00000000ee261db8) 
thrown [s\open\src\hotspot\share\interpreter\linkResolver.cpp, line 759]
Event: 1.998 Thread 0x000001f0c216fd90 Exception <a 'java/lang/NoSuchMethodError'{0x00000000ee275a20}: 'void java.lang.invoke.DirectMethodHandle$Holder.invokeSpecial(java.lang.Object, java.lang.Object, java.lang.Object)'> (0x00000000ee275a20) 
thrown [s\open\src\hotspot\share\interpreter\linkResolver.cpp, line 759]
Event: 2.011 Thread 0x000001f0c216fd90 Exception <a 'java/lang/NoSuchMethodError'{0x00000000ee10d938}: 'java.lang.Object java.lang.invoke.DirectMethodHandle$Holder.newInvokeSpecial(java.lang.Object, java.lang.Object, java.lang.Object, int)'> (0x00000000ee10d938) 
thrown [s\open\src\hotspot\share\interpreter\linkResolver.cpp, line 759]
Event: 2.011 Thread 0x000001f0c216fd90 Exception <a 'java/lang/NoSuchMethodError'{0x00000000ee112268}: 'java.lang.Object java.lang.invoke.DirectMethodHandle$Holder.invokeSpecial(java.lang.Object, java.lang.Object, java.lang.Object, java.lang.Object, int)'> (0x00000000ee112268) 
thrown [s\open\src\hotspot\share\interpreter\linkResolver.cpp, line 759]
Event: 2.011 Thread 0x000001f0c216fd90 Exception <a 'java/lang/NoSuchMethodError'{0x00000000ee116380}: 'java.lang.Object java.lang.invoke.Invokers$Holder.linkToTargetMethod(java.lang.Object, java.lang.Object, int, java.lang.Object)'> (0x00000000ee116380) 
thrown [s\open\src\hotspot\share\interpreter\linkResolver.cpp, line 759]
Event: 2.111 Thread 0x000001f0c216fd90 Exception <a 'java/lang/NoSuchMethodError'{0x00000000ed67e680}: 'java.lang.Object java.lang.invoke.DirectMethodHandle$Holder.newInvokeSpecial(java.lang.Object, java.lang.Object, java.lang.Object, java.lang.Object, java.lang.Object, java.lang.Object)'> (0x00000000ed67e680) 
thrown [s\open\src\hotspot\share\interpreter\linkResolver.cpp, line 759]
Event: 2.220 Thread 0x000001f0c216fd90 Exception <a 'java/lang/NoSuchMethodError'{0x00000000ece9e740}: 'int java.lang.invoke.DirectMethodHandle$Holder.invokeSpecialIFC(java.lang.Object, java.lang.Object, java.lang.Object, java.lang.Object)'> (0x00000000ece9e740) 
thrown [s\open\src\hotspot\share\interpreter\linkResolver.cpp, line 759]
Event: 2.221 Thread 0x000001f0c216fd90 Exception <a 'java/lang/NoSuchMethodError'{0x00000000ecead718}: 'java.lang.Object java.lang.invoke.DirectMethodHandle$Holder.invokeInterface(java.lang.Object, java.lang.Object, java.lang.Object)'> (0x00000000ecead718) 
thrown [s\open\src\hotspot\share\interpreter\linkResolver.cpp, line 759]
Event: 2.221 Thread 0x000001f0c216fd90 Exception <a 'java/lang/IncompatibleClassChangeError'{0x00000000eceb15f0}: Found class java.lang.Object, but interface was expected> (0x00000000eceb15f0) 
thrown [s\open\src\hotspot\share\interpreter\linkResolver.cpp, line 826]
Event: 2.264 Thread 0x000001f0c216fd90 Exception <a 'java/lang/NoSuchMethodError'{0x00000000ecb52828}: 'int java.lang.invoke.DirectMethodHandle$Holder.invokeStatic(java.lang.Object, java.lang.Object, java.lang.Object, java.lang.Object)'> (0x00000000ecb52828) 
thrown [s\open\src\hotspot\share\interpreter\linkResolver.cpp, line 759]
Event: 2.264 Thread 0x000001f0c216fd90 Exception <a 'java/lang/NoSuchMethodError'{0x00000000ecb566f8}: 'java.lang.Object java.lang.invoke.Invokers$Holder.invokeExact_MT(java.lang.Object, java.lang.Object, java.lang.Object, java.lang.Object, java.lang.Object, java.lang.Object)'> (0x00000000ecb566f8) 
thrown [s\open\src\hotspot\share\interpreter\linkResolver.cpp, line 759]
Event: 2.275 Thread 0x000001f0c216fd90 Exception <a 'java/lang/NoSuchMethodError'{0x00000000ecbfaf08}: 'java.lang.Object java.lang.invoke.DirectMethodHandle$Holder.invokeInterface(java.lang.Object, java.lang.Object)'> (0x00000000ecbfaf08) 
thrown [s\open\src\hotspot\share\interpreter\linkResolver.cpp, line 759]
Event: 2.298 Thread 0x000001f0c216fd90 Exception <a 'java/lang/NoSuchMethodError'{0x00000000ec9a8380}: 'void java.lang.invoke.DirectMethodHandle$Holder.invokeSpecial(java.lang.Object, java.lang.Object, java.lang.Object, java.lang.Object, java.lang.Object)'> (0x00000000ec9a8380) 
thrown [s\open\src\hotspot\share\interpreter\linkResolver.cpp, line 759]
Event: 2.315 Thread 0x000001f0c216fd90 Exception <a 'java/lang/NoSuchMethodError'{0x00000000ec8e16e0}: 'java.lang.Object java.lang.invoke.DirectMethodHandle$Holder.invokeSpecial(java.lang.Object, java.lang.Object, java.lang.Object, java.lang.Object, java.lang.Object, java.lang.Object, java.lang.Object, java.lang.Object, java.lang.Object)'> (0x00000000ec8e16e0) 
thrown [s\open\src\hotspot\share\interpreter\linkResolver.cpp, line 759]
Event: 2.368 Thread 0x000001f0c216fd90 Exception <a 'java/lang/NoSuchMethodError'{0x00000000ec4fe938}: 'void java.lang.invoke.DirectMethodHandle$Holder.invokeStatic(java.lang.Object, java.lang.Object)'> (0x00000000ec4fe938) 
thrown [s\open\src\hotspot\share\interpreter\linkResolver.cpp, line 759]
Event: 2.371 Thread 0x000001f0c216fd90 Exception <a 'java/lang/NoSuchMethodError'{0x00000000ec340ff8}: 'java.lang.Object java.lang.invoke.DirectMethodHandle$Holder.invokeVirtual(java.lang.Object, java.lang.Object, java.lang.Object, java.lang.Object)'> (0x00000000ec340ff8) 
thrown [s\open\src\hotspot\share\interpreter\linkResolver.cpp, line 759]

VM Operations (20 events):
Event: 1.570 Executing VM operation: HandshakeAllThreads
Event: 1.570 Executing VM operation: HandshakeAllThreads done
Event: 1.616 Executing VM operation: HandshakeAllThreads
Event: 1.616 Executing VM operation: HandshakeAllThreads done
Event: 1.666 Executing VM operation: HandshakeAllThreads
Event: 1.666 Executing VM operation: HandshakeAllThreads done
Event: 1.801 Executing VM operation: HandshakeAllThreads
Event: 1.801 Executing VM operation: HandshakeAllThreads done
Event: 1.842 Executing VM operation: HandshakeAllThreads
Event: 1.842 Executing VM operation: HandshakeAllThreads done
Event: 2.098 Executing VM operation: HandshakeAllThreads
Event: 2.098 Executing VM operation: HandshakeAllThreads done
Event: 2.098 Executing VM operation: HandshakeAllThreads
Event: 2.098 Executing VM operation: HandshakeAllThreads done
Event: 2.119 Executing VM operation: HandshakeAllThreads
Event: 2.119 Executing VM operation: HandshakeAllThreads done
Event: 2.120 Executing VM operation: HandshakeAllThreads
Event: 2.120 Executing VM operation: HandshakeAllThreads done
Event: 2.183 Executing VM operation: ICBufferFull
Event: 2.183 Executing VM operation: ICBufferFull done

Events (20 events):
Event: 2.227 loading class java/io/ObjectOutputStream
Event: 2.227 loading class java/io/ObjectOutput
Event: 2.228 loading class java/io/ObjectOutput done
Event: 2.228 loading class java/io/ObjectStreamConstants
Event: 2.228 loading class java/io/ObjectStreamConstants done
Event: 2.228 loading class java/io/ObjectOutputStream done
Event: 2.228 loading class java/io/ObjectInputStream
Event: 2.229 loading class java/io/ObjectInput
Event: 2.229 loading class java/io/ObjectInput done
Event: 2.229 loading class java/io/ObjectInputStream done
Event: 2.359 loading class javax/xml/parsers/ParserConfigurationException
Event: 2.359 loading class javax/xml/parsers/ParserConfigurationException done
Event: 2.359 loading class org/xml/sax/SAXException
Event: 2.359 loading class org/xml/sax/SAXException done
Event: 2.359 loading class javax/xml/xpath/XPathExpressionException
Event: 2.359 loading class javax/xml/xpath/XPathException
Event: 2.359 loading class javax/xml/xpath/XPathException done
Event: 2.359 loading class javax/xml/xpath/XPathExpressionException done
Event: 2.380 loading class java/lang/invoke/MethodHandle$1
Event: 2.380 loading class java/lang/invoke/MethodHandle$1 done


Dynamic libraries:
0x00007ff7324f0000 - 0x00007ff732500000 	C:\Program Files\Java\jdk-17.0.4.1\bin\java.exe
0x00007ffdc4a50000 - 0x00007ffdc4c64000 	C:\WINDOWS\SYSTEM32\ntdll.dll
0x00007ffdc3fd0000 - 0x00007ffdc4093000 	C:\WINDOWS\System32\KERNEL32.DLL
0x00007ffdc1f20000 - 0x00007ffdc22bc000 	C:\WINDOWS\System32\KERNELBASE.dll
0x00007ffdc2430000 - 0x00007ffdc2541000 	C:\WINDOWS\System32\ucrtbase.dll
0x00007ffdb2fb0000 - 0x00007ffdb2fca000 	C:\Program Files\Java\jdk-17.0.4.1\bin\VCRUNTIME140.dll
0x00007ffdb3060000 - 0x00007ffdb3078000 	C:\Program Files\Java\jdk-17.0.4.1\bin\jli.dll
0x00007ffdc3620000 - 0x00007ffdc36ce000 	C:\WINDOWS\System32\ADVAPI32.dll
0x00007ffdc33d0000 - 0x00007ffdc3477000 	C:\WINDOWS\System32\msvcrt.dll
0x00007ffdc34a0000 - 0x00007ffdc3544000 	C:\WINDOWS\System32\sechost.dll
0x00007ffdc48c0000 - 0x00007ffdc49d5000 	C:\WINDOWS\System32\RPCRT4.dll
0x00007ffdc2b00000 - 0x00007ffdc2cad000 	C:\WINDOWS\System32\USER32.dll
0x00007ffda5b70000 - 0x00007ffda5dfe000 	C:\WINDOWS\WinSxS\amd64_microsoft.windows.common-controls_6595b64144ccf1df_6.0.22621.608_none_a9444ca7c10bb01d\COMCTL32.dll
0x00007ffdc2800000 - 0x00007ffdc2826000 	C:\WINDOWS\System32\win32u.dll
0x00007ffdc2a40000 - 0x00007ffdc2a69000 	C:\WINDOWS\System32\GDI32.dll
0x00007ffdc2640000 - 0x00007ffdc2753000 	C:\WINDOWS\System32\gdi32full.dll
0x00007ffdc2760000 - 0x00007ffdc27fa000 	C:\WINDOWS\System32\msvcp_win.dll
0x00007ffdb9090000 - 0x00007ffdb909a000 	C:\WINDOWS\SYSTEM32\VERSION.dll
0x00007ffdc44e0000 - 0x00007ffdc4511000 	C:\WINDOWS\System32\IMM32.DLL
0x00007ffdba670000 - 0x00007ffdba67c000 	C:\Program Files\Java\jdk-17.0.4.1\bin\vcruntime140_1.dll
0x00007ffd85d10000 - 0x00007ffd85d9d000 	C:\Program Files\Java\jdk-17.0.4.1\bin\msvcp140.dll
0x00007ffd4bfc0000 - 0x00007ffd4cb82000 	C:\Program Files\Java\jdk-17.0.4.1\bin\server\jvm.dll
0x00007ffdc36d0000 - 0x00007ffdc36d8000 	C:\WINDOWS\System32\PSAPI.DLL
0x00007ffda9050000 - 0x00007ffda9059000 	C:\WINDOWS\SYSTEM32\WSOCK32.dll
0x00007ffdc3130000 - 0x00007ffdc31a1000 	C:\WINDOWS\System32\WS2_32.dll
0x00007ffdbfaf0000 - 0x00007ffdbfb24000 	C:\WINDOWS\SYSTEM32\WINMM.dll
0x00007ffdc0eb0000 - 0x00007ffdc0ec8000 	C:\WINDOWS\SYSTEM32\kernel.appcore.dll
0x00007ffdb5060000 - 0x00007ffdb506a000 	C:\Program Files\Java\jdk-17.0.4.1\bin\jimage.dll
0x00007ffdbf540000 - 0x00007ffdbf76e000 	C:\WINDOWS\SYSTEM32\DBGHELP.DLL
0x00007ffdc40a0000 - 0x00007ffdc4429000 	C:\WINDOWS\System32\combase.dll
0x00007ffdc46e0000 - 0x00007ffdc47b7000 	C:\WINDOWS\System32\OLEAUT32.dll
0x00007ffdac1c0000 - 0x00007ffdac1f2000 	C:\WINDOWS\SYSTEM32\dbgcore.DLL
0x00007ffdc25c0000 - 0x00007ffdc263b000 	C:\WINDOWS\System32\bcryptPrimitives.dll
0x00007ffdb2d70000 - 0x00007ffdb2d95000 	C:\Program Files\Java\jdk-17.0.4.1\bin\java.dll
0x00007ffd85b40000 - 0x00007ffd85c16000 	C:\Program Files\Java\jdk-17.0.4.1\bin\jsvml.dll
0x00007ffdc36e0000 - 0x00007ffdc3ed0000 	C:\WINDOWS\System32\SHELL32.dll
0x00007ffdbfe70000 - 0x00007ffdc073e000 	C:\WINDOWS\SYSTEM32\windows.storage.dll
0x00007ffdbfd30000 - 0x00007ffdbfe6e000 	C:\WINDOWS\SYSTEM32\wintypes.dll
0x00007ffdc47c0000 - 0x00007ffdc48b1000 	C:\WINDOWS\System32\SHCORE.dll
0x00007ffdc3570000 - 0x00007ffdc35ce000 	C:\WINDOWS\System32\shlwapi.dll
0x00007ffdc1d90000 - 0x00007ffdc1db1000 	C:\WINDOWS\SYSTEM32\profapi.dll
0x00007ffda8d80000 - 0x00007ffda8d99000 	C:\Program Files\Java\jdk-17.0.4.1\bin\net.dll
0x00007ffdbbd80000 - 0x00007ffdbbeaf000 	C:\WINDOWS\SYSTEM32\WINHTTP.dll
0x00007ffdc1320000 - 0x00007ffdc1389000 	C:\WINDOWS\system32\mswsock.dll
0x00007ffda53e0000 - 0x00007ffda53f6000 	C:\Program Files\Java\jdk-17.0.4.1\bin\nio.dll
0x00007ffda3c50000 - 0x00007ffda3c68000 	C:\Program Files\Java\jdk-17.0.4.1\bin\zip.dll
0x00007ffdb3370000 - 0x00007ffdb3380000 	C:\Program Files\Java\jdk-17.0.4.1\bin\verify.dll
0x00007ffdb3010000 - 0x00007ffdb3037000 	C:\Users\fergee\.gradle\native\e1d6ef7f7dcc3fd88c89a11ec53ec762bb8ba0a96d01ffa2cd45eb1d1d8dd5c5\windows-amd64\native-platform.dll
0x00007ffd71770000 - 0x00007ffd718b4000 	C:\Users\fergee\.gradle\native\0d407fdbe67a94daf76414ababcb853783967236a71b16ec16e742cd7a986fd3\windows-amd64\native-platform-file-events.dll
0x00007ffdb30f0000 - 0x00007ffdb30f9000 	C:\Program Files\Java\jdk-17.0.4.1\bin\management.dll
0x00007ffdb2f50000 - 0x00007ffdb2f5b000 	C:\Program Files\Java\jdk-17.0.4.1\bin\management_ext.dll
0x00007ffdc15f0000 - 0x00007ffdc160b000 	C:\WINDOWS\SYSTEM32\CRYPTSP.dll
0x00007ffdc0e20000 - 0x00007ffdc0e55000 	C:\WINDOWS\system32\rsaenh.dll
0x00007ffdc1420000 - 0x00007ffdc1448000 	C:\WINDOWS\SYSTEM32\USERENV.dll
0x00007ffdc17b0000 - 0x00007ffdc17d8000 	C:\WINDOWS\SYSTEM32\bcrypt.dll
0x00007ffdc1610000 - 0x00007ffdc161c000 	C:\WINDOWS\SYSTEM32\CRYPTBASE.dll
0x00007ffdc0990000 - 0x00007ffdc09bd000 	C:\WINDOWS\SYSTEM32\IPHLPAPI.DLL
0x00007ffdc33b0000 - 0x00007ffdc33b9000 	C:\WINDOWS\System32\NSI.dll
0x00007ffdb92b0000 - 0x00007ffdb92c9000 	C:\WINDOWS\SYSTEM32\dhcpcsvc6.DLL
0x00007ffdb9290000 - 0x00007ffdb92af000 	C:\WINDOWS\SYSTEM32\dhcpcsvc.DLL
0x00007ffdc09c0000 - 0x00007ffdc0ab3000 	C:\WINDOWS\SYSTEM32\DNSAPI.dll
0x00007ffdb2210000 - 0x00007ffdb221e000 	C:\Program Files\Java\jdk-17.0.4.1\bin\sunmscapi.dll
0x00007ffdc22c0000 - 0x00007ffdc2426000 	C:\WINDOWS\System32\CRYPT32.dll
0x00007ffdc1780000 - 0x00007ffdc17ad000 	C:\WINDOWS\SYSTEM32\ncrypt.dll
0x00007ffdc1740000 - 0x00007ffdc1777000 	C:\WINDOWS\SYSTEM32\NTASN1.dll
0x00007ffdb3110000 - 0x00007ffdb3118000 	C:\WINDOWS\system32\wshunix.dll

dbghelp: loaded successfully - version: 4.0.5 - missing functions: none
symbol engine: initialized successfully - sym options: 0x614 - pdb path: .;C:\Program Files\Java\jdk-17.0.4.1\bin;C:\WINDOWS\SYSTEM32;C:\WINDOWS\WinSxS\amd64_microsoft.windows.common-controls_6595b64144ccf1df_6.0.22621.608_none_a9444ca7c10bb01d;C:\Program Files\Java\jdk-17.0.4.1\bin\server;C:\Users\fergee\.gradle\native\e1d6ef7f7dcc3fd88c89a11ec53ec762bb8ba0a96d01ffa2cd45eb1d1d8dd5c5\windows-amd64;C:\Users\fergee\.gradle\native\0d407fdbe67a94daf76414ababcb853783967236a71b16ec16e742cd7a986fd3\windows-amd64

VM Arguments:
jvm_args: --add-opens=java.base/java.util=ALL-UNNAMED --add-opens=java.base/java.lang=ALL-UNNAMED --add-opens=java.base/java.lang.invoke=ALL-UNNAMED --add-opens=java.base/java.util=ALL-UNNAMED --add-opens=java.prefs/java.util.prefs=ALL-UNNAMED --add-opens=java.prefs/java.util.prefs=ALL-UNNAMED --add-opens=java.base/java.nio.charset=ALL-UNNAMED --add-opens=java.base/java.net=ALL-UNNAMED --add-opens=java.base/java.util.concurrent.atomic=ALL-UNNAMED -XX:MaxMetaspaceSize=256m -XX:+HeapDumpOnOutOfMemoryError -Xms256m -Xmx512m -Dfile.encoding=windows-1251 -Duser.country=RU -Duser.language=ru -Duser.variant 
java_command: org.gradle.launcher.daemon.bootstrap.GradleDaemon 7.5.1
java_class_path (initial): C:\Users\fergee\.gradle\wrapper\dists\gradle-7.5.1-bin\7jzzequgds1hbszbhq3npc5ng\gradle-7.5.1\lib\gradle-launcher-7.5.1.jar
Launcher Type: SUN_STANDARD

[Global flags]
     intx CICompilerCount                          = 4                                         {product} {ergonomic}
   size_t CompressedClassSpaceSize                 = 218103808                                 {product} {ergonomic}
     uint ConcGCThreads                            = 3                                         {product} {ergonomic}
     uint G1ConcRefinementThreads                  = 10                                        {product} {ergonomic}
   size_t G1HeapRegionSize                         = 1048576                                   {product} {ergonomic}
    uintx GCDrainStackTargetSize                   = 64                                        {product} {ergonomic}
     bool HeapDumpOnOutOfMemoryError               = true                                   {manageable} {command line}
   size_t InitialHeapSize                          = 268435456                                 {product} {command line}
   size_t MarkStackSize                            = 4194304                                   {product} {ergonomic}
   size_t MaxHeapSize                              = 536870912                                 {product} {command line}
   size_t MaxMetaspaceSize                         = 268435456                                 {product} {command line}
   size_t MaxNewSize                               = 321912832                                 {product} {ergonomic}
   size_t MinHeapDeltaBytes                        = 1048576                                   {product} {ergonomic}
   size_t MinHeapSize                              = 268435456                                 {product} {command line}
    uintx NonNMethodCodeHeapSize                   = 5839372                                {pd product} {ergonomic}
    uintx NonProfiledCodeHeapSize                  = 122909434                              {pd product} {ergonomic}
    uintx ProfiledCodeHeapSize                     = 122909434                              {pd product} {ergonomic}
    uintx ReservedCodeCacheSize                    = 251658240                              {pd product} {ergonomic}
     bool SegmentedCodeCache                       = true                                      {product} {ergonomic}
   size_t SoftMaxHeapSize                          = 536870912                              {manageable} {ergonomic}
     bool UseCompressedClassPointers               = true                           {product lp64_product} {ergonomic}
     bool UseCompressedOops                        = true                           {product lp64_product} {ergonomic}
     bool UseG1GC                                  = true                                      {product} {ergonomic}
     bool UseLargePagesIndividualAllocation        = false                                  {pd product} {ergonomic}

Logging:
Log output configuration:
 #0: stdout all=warning uptime,level,tags
 #1: stderr all=off uptime,level,tags

Environment Variables:
PATH=C:\Program Files\Common Files\Oracle\Java\javapath;C:\WINDOWS\system32;C:\WINDOWS;C:\WINDOWS\System32\Wbem;C:\WINDOWS\System32\WindowsPowerShell\v1.0\;C:\WINDOWS\System32\OpenSSH\;C:\Program Files\PuTTY\;C:\Program Files (x86)\dotnet\;C:\Program Files\Java\jdk-17.0.4.1\bin;C:\Users\fergee\AppData\Local\Programs\Python\Python311\Scripts;C:\Program Files\Calibre2\;C:\Program Files\Git\cmd;C:\Users\fergee\AppData\Local\Microsoft\WindowsApps;C:\Users\fergee\AppData\Local\Programs\MiKTeX\miktex\bin\x64\;C:\Users\fergee\AppData\Local\GitHubDesktop\bin;C:\Users\fergee\AppData\Local\Programs\Microsoft VS Code\bin;C:\Program Files\JetBrains\IntelliJ IDEA 2022.3.3\bin;;
USERNAME=fergee
OS=Windows_NT
PROCESSOR_IDENTIFIER=AMD64 Family 23 Model 104 Stepping 1, AuthenticAMD



---------------  S Y S T E M  ---------------

OS:
 Windows 11 , 64 bit Build 22621 (10.0.22621.1344)
OS uptime: 6 days 3:38 hours

CPU: total 12 (initial active 12) (12 cores per cpu, 2 threads per core) family 23 model 104 stepping 1 microcode 0x0, cx8, cmov, fxsr, ht, mmx, 3dnowpref, sse, sse2, sse3, ssse3, sse4a, sse4.1, sse4.2, popcnt, lzcnt, tsc, tscinvbit, avx, avx2, aes, clmul, bmi1, bmi2, adx, sha, fma, vzeroupper, clflush, clflushopt

Memory: 4k page, system-wide physical 15706M (3316M free)
TotalPageFile size 31066M (AvailPageFile size 5M)
current process WorkingSet (physical memory assigned to process): 184M, peak: 184M
current process commit charge ("private bytes"): 425M, peak: 425M

vm_info: Java HotSpot(TM) 64-Bit Server VM (17.0.4.1+1-LTS-2) for windows-amd64 JRE (17.0.4.1+1-LTS-2), built on Aug 16 2022 18:32:06 by "mach5one" with MS VC++ 16.8 / 16.9 (VS2019)

END.
